<?xml version="1.0" encoding="UTF-8"?>
<testsuite xmlns:xsi="http://www.w3.org/2001/XMLSchema-instance" xsi:noNamespaceSchemaLocation="https://maven.apache.org/surefire/maven-surefire-plugin/xsd/surefire-test-report.xsd" name="com.hiberus.cucumber.Runner.CucumberRunnerTest" time="349.128" tests="20" errors="15" skipped="0" failures="0">
  <properties>
[...]
</properties>
  <testcase name="Login user checkout" classname="Checkout test suit" time="10.626">
    <error message="no such element: Unable to locate element: {&quot;method&quot;:&quot;xpath&quot;,&quot;selector&quot;:&quot;//a[contains(@class, &apos;dropdown-toggle&apos;)]&quot;}&#10;  (Session info: chrome=114.0.5735.110)&#10;For documentation on this error, please visit: https://www.seleniumhq.org/exceptions/no_such_element.html&#10;Build info: version: &apos;3.141.59&apos;, revision: &apos;e82be7d358&apos;, time: &apos;2018-11-14T08:17:03&apos;&#10;System info: host: &apos;HL-010525&apos;, ip: &apos;127.0.0.1&apos;, os.name: &apos;Windows 10&apos;, os.arch: &apos;amd64&apos;, os.version: &apos;10.0&apos;, java.version: &apos;1.8.0_202&apos;&#10;Driver info: org.openqa.selenium.chrome.ChromeDriver&#10;Capabilities {acceptInsecureCerts: false, browserName: chrome, browserVersion: 114.0.5735.110, chrome: {chromedriverVersion: 114.0.5735.90 (386bc09e8f4f..., userDataDir: C:\Windows\SystemTemp\scope...}, goog:chromeOptions: {debuggerAddress: localhost:56371}, javascriptEnabled: true, networkConnectionEnabled: false, pageLoadStrategy: normal, platform: WINDOWS, platformName: WINDOWS, proxy: Proxy(), setWindowRect: true, strictFileInteractability: false, timeouts: {implicit: 0, pageLoad: 300000, script: 30000}, unhandledPromptBehavior: dismiss and notify, webauthn:extension:credBlob: true, webauthn:extension:largeBlob: true, webauthn:extension:minPinLength: true, webauthn:extension:prf: true, webauthn:virtualAuthenticators: true}&#10;Session ID: 04dc67e8c47e1a4fe5fb04eb5368a426&#10;*** Element info: {Using=xpath, value=//a[contains(@class, &apos;dropdown-toggle&apos;)]}" type="org.openqa.selenium.NoSuchElementException">org.openqa.selenium.NoSuchElementException: 
no such element: Unable to locate element: {"method":"xpath","selector":"//a[contains(@class, 'dropdown-toggle')]"}
  (Session info: chrome=114.0.5735.110)
For documentation on this error, please visit: https://www.seleniumhq.org/exceptions/no_such_element.html
Build info: version: '3.141.59', revision: 'e82be7d358', time: '2018-11-14T08:17:03'
System info: host: 'HL-010525', ip: '127.0.0.1', os.name: 'Windows 10', os.arch: 'amd64', os.version: '10.0', java.version: '1.8.0_202'
Driver info: org.openqa.selenium.chrome.ChromeDriver
Capabilities {acceptInsecureCerts: false, browserName: chrome, browserVersion: 114.0.5735.110, chrome: {chromedriverVersion: 114.0.5735.90 (386bc09e8f4f..., userDataDir: C:\Windows\SystemTemp\scope...}, goog:chromeOptions: {debuggerAddress: localhost:56371}, javascriptEnabled: true, networkConnectionEnabled: false, pageLoadStrategy: normal, platform: WINDOWS, platformName: WINDOWS, proxy: Proxy(), setWindowRect: true, strictFileInteractability: false, timeouts: {implicit: 0, pageLoad: 300000, script: 30000}, unhandledPromptBehavior: dismiss and notify, webauthn:extension:credBlob: true, webauthn:extension:largeBlob: true, webauthn:extension:minPinLength: true, webauthn:extension:prf: true, webauthn:virtualAuthenticators: true}
Session ID: 04dc67e8c47e1a4fe5fb04eb5368a426
*** Element info: {Using=xpath, value=//a[contains(@class, 'dropdown-toggle')]}
</error>
    <system-err><![CDATA[[main] INFO com.hiberus.cucumber.support.Hooks - starting Login user checkout
[main] INFO io.github.bonigarcia.wdm.WebDriverManager - Using chromedriver 114.0.5735.90 (resolved driver for Chrome 114)
[main] INFO io.github.bonigarcia.wdm.WebDriverManager - Exporting webdriver.chrome.driver as C:\Users\gcanales\.cache\selenium\chromedriver\win32\114.0.5735.90\chromedriver.exe
Starting ChromeDriver 114.0.5735.90 (386bc09e8f4f2e025eddae123f36f6263096ae49-refs/branch-heads/5735@{#1052}) on port 9854
Only local connections are allowed.
Please see https://chromedriver.chromium.org/security-considerations for suggestions on keeping ChromeDriver safe.
ChromeDriver was started successfully.
jun 12, 2023 9:24:17 AM org.openqa.selenium.remote.ProtocolHandshake createSession
INFORMACIÓN: Detected dialect: W3C
[main] ERROR com.hiberus.cucumber.page.AbstractPage - unknown error: net::ERR_INTERNET_DISCONNECTED
  (Session info: chrome=114.0.5735.110)
Build info: version: '3.141.59', revision: 'e82be7d358', time: '2018-11-14T08:17:03'
System info: host: 'HL-010525', ip: '127.0.0.1', os.name: 'Windows 10', os.arch: 'amd64', os.version: '10.0', java.version: '1.8.0_202'
Driver info: org.openqa.selenium.chrome.ChromeDriver
Capabilities {acceptInsecureCerts: false, browserName: chrome, browserVersion: 114.0.5735.110, chrome: {chromedriverVersion: 114.0.5735.90 (386bc09e8f4f..., userDataDir: C:\Windows\SystemTemp\scope...}, goog:chromeOptions: {debuggerAddress: localhost:56371}, javascriptEnabled: true, networkConnectionEnabled: false, pageLoadStrategy: normal, platform: WINDOWS, platformName: WINDOWS, proxy: Proxy(), setWindowRect: true, strictFileInteractability: false, timeouts: {implicit: 0, pageLoad: 300000, script: 30000}, unhandledPromptBehavior: dismiss and notify, webauthn:extension:credBlob: true, webauthn:extension:largeBlob: true, webauthn:extension:minPinLength: true, webauthn:extension:prf: true, webauthn:virtualAuthenticators: true}
Session ID: 04dc67e8c47e1a4fe5fb04eb5368a426
[main] INFO com.hiberus.cucumber.page.CheckoutPage - Login in...
[main] INFO com.hiberus.cucumber.support.Hooks - ending Login user checkout
[main] INFO com.hiberus.cucumber.support.Hooks - Ending Login user checkout
]]></system-err>
  </testcase>
  <testcase name="Successful login" classname="Register test suit #1" time="6.772">
    <error message="no such element: Unable to locate element: {&quot;method&quot;:&quot;xpath&quot;,&quot;selector&quot;:&quot;//a[contains(@class, &apos;dropdown-toggle&apos;)]&quot;}&#10;  (Session info: chrome=114.0.5735.110)&#10;For documentation on this error, please visit: https://www.seleniumhq.org/exceptions/no_such_element.html&#10;Build info: version: &apos;3.141.59&apos;, revision: &apos;e82be7d358&apos;, time: &apos;2018-11-14T08:17:03&apos;&#10;System info: host: &apos;HL-010525&apos;, ip: &apos;127.0.0.1&apos;, os.name: &apos;Windows 10&apos;, os.arch: &apos;amd64&apos;, os.version: &apos;10.0&apos;, java.version: &apos;1.8.0_202&apos;&#10;Driver info: org.openqa.selenium.chrome.ChromeDriver&#10;Capabilities {acceptInsecureCerts: false, browserName: chrome, browserVersion: 114.0.5735.110, chrome: {chromedriverVersion: 114.0.5735.90 (386bc09e8f4f..., userDataDir: C:\Windows\SystemTemp\scope...}, goog:chromeOptions: {debuggerAddress: localhost:56395}, javascriptEnabled: true, networkConnectionEnabled: false, pageLoadStrategy: normal, platform: WINDOWS, platformName: WINDOWS, proxy: Proxy(), setWindowRect: true, strictFileInteractability: false, timeouts: {implicit: 0, pageLoad: 300000, script: 30000}, unhandledPromptBehavior: dismiss and notify, webauthn:extension:credBlob: true, webauthn:extension:largeBlob: true, webauthn:extension:minPinLength: true, webauthn:extension:prf: true, webauthn:virtualAuthenticators: true}&#10;Session ID: f5653678e45bca9eb3e42c42a9388a7a&#10;*** Element info: {Using=xpath, value=//a[contains(@class, &apos;dropdown-toggle&apos;)]}" type="org.openqa.selenium.NoSuchElementException">org.openqa.selenium.NoSuchElementException: 
no such element: Unable to locate element: {"method":"xpath","selector":"//a[contains(@class, 'dropdown-toggle')]"}
  (Session info: chrome=114.0.5735.110)
For documentation on this error, please visit: https://www.seleniumhq.org/exceptions/no_such_element.html
Build info: version: '3.141.59', revision: 'e82be7d358', time: '2018-11-14T08:17:03'
System info: host: 'HL-010525', ip: '127.0.0.1', os.name: 'Windows 10', os.arch: 'amd64', os.version: '10.0', java.version: '1.8.0_202'
Driver info: org.openqa.selenium.chrome.ChromeDriver
Capabilities {acceptInsecureCerts: false, browserName: chrome, browserVersion: 114.0.5735.110, chrome: {chromedriverVersion: 114.0.5735.90 (386bc09e8f4f..., userDataDir: C:\Windows\SystemTemp\scope...}, goog:chromeOptions: {debuggerAddress: localhost:56395}, javascriptEnabled: true, networkConnectionEnabled: false, pageLoadStrategy: normal, platform: WINDOWS, platformName: WINDOWS, proxy: Proxy(), setWindowRect: true, strictFileInteractability: false, timeouts: {implicit: 0, pageLoad: 300000, script: 30000}, unhandledPromptBehavior: dismiss and notify, webauthn:extension:credBlob: true, webauthn:extension:largeBlob: true, webauthn:extension:minPinLength: true, webauthn:extension:prf: true, webauthn:virtualAuthenticators: true}
Session ID: f5653678e45bca9eb3e42c42a9388a7a
*** Element info: {Using=xpath, value=//a[contains(@class, 'dropdown-toggle')]}
</error>
    <system-out><![CDATA[
@checkoutsuite @smoke @checkoutko
Scenario: Login user checkout                                       &amp#27;[90m# src/test/features/checkoutTestCase.feature:13&amp#27;[0m
  &amp#27;[32mGiven &amp#27;[0m&amp#27;[32mThe user is on the home page on checkout page&amp#27;[0m               &amp#27;[90m# com.hiberus.cucumber.stepdefs.checkout.CheckoutPageSteps.theUserIsOnTheHomePageOnChekoutPage()&amp#27;[0m
  &amp#27;[31mWhen &amp#27;[0m&amp#27;[31mI should be redirected to my account page on checkout page&amp#27;[0m   &amp#27;[90m# com.hiberus.cucumber.stepdefs.checkout.CheckoutPageSteps.iShouldBeRedirectedToMyAccountPageOnCheckoutPage()&amp#27;[0m
      &amp#27;[31morg.openqa.selenium.NoSuchElementException: no such element: Unable to locate element: {"method":"xpath","selector":"//a[contains(@class, 'dropdown-toggle')]"}
  (Session info: chrome=114.0.5735.110)
For documentation on this error, please visit: https://www.seleniumhq.org/exceptions/no_such_element.html
Build info: version: '3.141.59', revision: 'e82be7d358', time: '2018-11-14T08:17:03'
System info: host: 'HL-010525', ip: '127.0.0.1', os.name: 'Windows 10', os.arch: 'amd64', os.version: '10.0', java.version: '1.8.0_202'
Driver info: org.openqa.selenium.chrome.ChromeDriver
Capabilities {acceptInsecureCerts: false, browserName: chrome, browserVersion: 114.0.5735.110, chrome: {chromedriverVersion: 114.0.5735.90 (386bc09e8f4f..., userDataDir: C:\Windows\SystemTemp\scope...}, goog:chromeOptions: {debuggerAddress: localhost:56371}, javascriptEnabled: true, networkConnectionEnabled: false, pageLoadStrategy: normal, platform: WINDOWS, platformName: WINDOWS, proxy: Proxy(), setWindowRect: true, strictFileInteractability: false, timeouts: {implicit: 0, pageLoad: 300000, script: 30000}, unhandledPromptBehavior: dismiss and notify, webauthn:extension:credBlob: true, webauthn:extension:largeBlob: true, webauthn:extension:minPinLength: true, webauthn:extension:prf: true, webauthn:virtualAuthenticators: true}
Session ID: 04dc67e8c47e1a4fe5fb04eb5368a426
*** Element info: {Using=xpath, value=//a[contains(@class, 'dropdown-toggle')]}
	at sun.reflect.NativeConstructorAccessorImpl.newInstance0(Native Method)
	at sun.reflect.NativeConstructorAccessorImpl.newInstance(NativeConstructorAccessorImpl.java:62)
	at sun.reflect.DelegatingConstructorAccessorImpl.newInstance(DelegatingConstructorAccessorImpl.java:45)
	at java.lang.reflect.Constructor.newInstance(Constructor.java:423)
	at org.openqa.selenium.remote.http.W3CHttpResponseCodec.createException(W3CHttpResponseCodec.java:187)
	at org.openqa.selenium.remote.http.W3CHttpResponseCodec.decode(W3CHttpResponseCodec.java:122)
	at org.openqa.selenium.remote.http.W3CHttpResponseCodec.decode(W3CHttpResponseCodec.java:49)
	at org.openqa.selenium.remote.HttpCommandExecutor.execute(HttpCommandExecutor.java:158)
	at org.openqa.selenium.remote.service.DriverCommandExecutor.execute(DriverCommandExecutor.java:83)
	at org.openqa.selenium.remote.RemoteWebDriver.execute(RemoteWebDriver.java:552)
	at org.openqa.selenium.remote.RemoteWebDriver.findElement(RemoteWebDriver.java:323)
	at org.openqa.selenium.remote.RemoteWebDriver.findElementByXPath(RemoteWebDriver.java:428)
	at org.openqa.selenium.By$ByXPath.findElement(By.java:353)
	at org.openqa.selenium.remote.RemoteWebDriver.findElement(RemoteWebDriver.java:315)
	at org.openqa.selenium.support.pagefactory.DefaultElementLocator.findElement(DefaultElementLocator.java:69)
	at org.openqa.selenium.support.pagefactory.internal.LocatingElementHandler.invoke(LocatingElementHandler.java:38)
	at com.sun.proxy.$Proxy19.click(Unknown Source)
	at com.hiberus.cucumber.page.CheckoutPage.clickMyAccount(CheckoutPage.java:45)
	at com.hiberus.cucumber.stepdefs.checkout.CheckoutPageSteps.iShouldBeRedirectedToMyAccountPageOnCheckoutPage(CheckoutPageSteps.java:21)
	at âœ½.I should be redirected to my account page on checkout page(file:///C:/Users/gcanales/Documents/Hiberus%20QA/Ejercicios%20QA/finalProyect/finalProyect/src/test/features/checkoutTestCase.feature:6)
&amp#27;[0m
  &amp#27;[36mAnd &amp#27;[0m&amp#27;[36mI go to login checkout page&amp#27;[0m                                   &amp#27;[90m# com.hiberus.cucumber.stepdefs.checkout.CheckoutPageSteps.iGoToLoginCheckoutPage()&amp#27;[0m
  &amp#27;[36mAnd &amp#27;[0m&amp#27;[36mI enter the email &amp#27;[0m&amp#27;[36m&amp#27;[1m"gabiqa1@email.com"&amp#27;[0m&amp#27;[36m checkout page&amp#27;[0m           &amp#27;[90m# com.hiberus.cucumber.stepdefs.checkout.CheckoutPageSteps.iEnterTheEmailCheckoutPage(java.lang.String)&amp#27;[0m
  &amp#27;[36mAnd &amp#27;[0m&amp#27;[36mI enter the password on product page &amp#27;[0m&amp#27;[36m&amp#27;[1m"password"&amp#27;[0m&amp#27;[36m checkout page&amp#27;[0m &amp#27;[90m# com.hiberus.cucumber.stepdefs.checkout.CheckoutPageSteps.iEnterThePasswordOnProductPageCheckoutPage(java.lang.String)&amp#27;[0m
  &amp#27;[36mAnd &amp#27;[0m&amp#27;[36mI click on the login button on product page checkout page&amp#27;[0m     &amp#27;[90m# com.hiberus.cucumber.stepdefs.checkout.CheckoutPageSteps.iClickOnTheLoginButtonOnProductPageCheckoutPage()&amp#27;[0m
  &amp#27;[36mAnd &amp#27;[0m&amp#27;[36mI am back on the home page&amp#27;[0m                                    &amp#27;[90m# com.hiberus.cucumber.stepdefs.checkout.CheckoutPageSteps.iAmBackOnTheHomePage()&amp#27;[0m
  &amp#27;[36mAnd &amp#27;[0m&amp#27;[36madd to cart product&amp#27;[0m                                           &amp#27;[90m# com.hiberus.cucumber.stepdefs.checkout.CheckoutPageSteps.addToCartProduct()&amp#27;[0m
  &amp#27;[36mWhen &amp#27;[0m&amp#27;[36mI click on &amp#27;[0m&amp#27;[36m&amp#27;[1m"Checkout"&amp#27;[0m                                        &amp#27;[90m# com.hiberus.cucumber.stepdefs.checkout.CheckoutPageSteps.iClickOn(java.lang.String)&amp#27;[0m
  &amp#27;[36mAnd &amp#27;[0m&amp#27;[36mI am taken to the Checkout page&amp#27;[0m                               &amp#27;[90m# com.hiberus.cucumber.stepdefs.checkout.CheckoutPageSteps.iAmTakenToTheCheckoutPage()&amp#27;[0m
  &amp#27;[36mWhen &amp#27;[0m&amp#27;[36mI fill in the information in the form for &amp#27;[0m&amp#27;[36m&amp#27;[1m"Step 2"&amp#27;[0m           &amp#27;[90m# com.hiberus.cucumber.stepdefs.checkout.CheckoutPageSteps.iFillInTheInformationInTheFormFor(java.lang.String)&amp#27;[0m
  &amp#27;[36mAnd &amp#27;[0m&amp#27;[36mI click on &amp#27;[0m&amp#27;[36m&amp#27;[1m"Continue"&amp#27;[0m                                         &amp#27;[90m# com.hiberus.cucumber.stepdefs.checkout.CheckoutPageSteps.iClickOn(java.lang.String)&amp#27;[0m
  &amp#27;[36mWhen &amp#27;[0m&amp#27;[36mI fill in the information in the form for &amp#27;[0m&amp#27;[36m&amp#27;[1m"Step 3"&amp#27;[0m           &amp#27;[90m# com.hiberus.cucumber.stepdefs.checkout.CheckoutPageSteps.iFillInTheInformationInTheFormFor(java.lang.String)&amp#27;[0m
  &amp#27;[36mAnd &amp#27;[0m&amp#27;[36mI click on &amp#27;[0m&amp#27;[36m&amp#27;[1m"Continue"&amp#27;[0m                                         &amp#27;[90m# com.hiberus.cucumber.stepdefs.checkout.CheckoutPageSteps.iClickOn(java.lang.String)&amp#27;[0m
  &amp#27;[36mWhen &amp#27;[0m&amp#27;[36mI fill in the information in the form for &amp#27;[0m&amp#27;[36m&amp#27;[1m"Step 4"&amp#27;[0m           &amp#27;[90m# com.hiberus.cucumber.stepdefs.checkout.CheckoutPageSteps.iFillInTheInformationInTheFormFor(java.lang.String)&amp#27;[0m
  &amp#27;[36mAnd &amp#27;[0m&amp#27;[36mI click on &amp#27;[0m&amp#27;[36m&amp#27;[1m"Continue"&amp#27;[0m                                         &amp#27;[90m# com.hiberus.cucumber.stepdefs.checkout.CheckoutPageSteps.iClickOn(java.lang.String)&amp#27;[0m
  &amp#27;[36mWhen &amp#27;[0m&amp#27;[36mI fill in the information in the form for &amp#27;[0m&amp#27;[36m&amp#27;[1m"Step 5"&amp#27;[0m           &amp#27;[90m# com.hiberus.cucumber.stepdefs.checkout.CheckoutPageSteps.iFillInTheInformationInTheFormFor(java.lang.String)&amp#27;[0m
  &amp#27;[36mAnd &amp#27;[0m&amp#27;[36mI accept the terms&amp#27;[0m                                            &amp#27;[90m# com.hiberus.cucumber.stepdefs.checkout.CheckoutPageSteps.iAcceptTheTerms()&amp#27;[0m
  &amp#27;[36mAnd &amp#27;[0m&amp#27;[36mI click on &amp#27;[0m&amp#27;[36m&amp#27;[1m"Continue"&amp#27;[0m                                         &amp#27;[90m# com.hiberus.cucumber.stepdefs.checkout.CheckoutPageSteps.iClickOn(java.lang.String)&amp#27;[0m
  &amp#27;[36mThen &amp#27;[0m&amp#27;[36mI verify that the amount is correct&amp#27;[0m                          &amp#27;[90m# com.hiberus.cucumber.stepdefs.checkout.CheckoutPageSteps.iVerifyThatTheAmountIsCorrect()&amp#27;[0m
  &amp#27;[36mAnd &amp#27;[0m&amp#27;[36mI click on &amp#27;[0m&amp#27;[36m&amp#27;[1m"Continue"&amp#27;[0m                                         &amp#27;[90m# com.hiberus.cucumber.stepdefs.checkout.CheckoutPageSteps.iClickOn(java.lang.String)&amp#27;[0m
  &amp#27;[36mThen &amp#27;[0m&amp#27;[36mI verify that I am on the successful purchase page&amp#27;[0m           &amp#27;[90m# com.hiberus.cucumber.stepdefs.checkout.CheckoutPageSteps.iVerifyThatIAmOnTheSuccessfulPurchasePage()&amp#27;[0m

    Embedding screenshot_1686554659990.png [image/png 23992 bytes]


@loginsuite @smoke @loginok
Scenario Outline: Successful login                         &amp#27;[90m# src/test/features/loginTestCase.feature:20&amp#27;[0m
  &amp#27;[32mGiven &amp#27;[0m&amp#27;[32mI am on the home page&amp#27;[0m      ]]></system-out>
    <system-err><![CDATA[[main] INFO com.hiberus.cucumber.support.Hooks - starting Successful login
[main] INFO io.github.bonigarcia.wdm.WebDriverManager - Using chromedriver 114.0.5735.90 (resolved driver for Chrome 114)
[main] INFO io.github.bonigarcia.wdm.WebDriverManager - Exporting webdriver.chrome.driver as C:\Users\gcanales\.cache\selenium\chromedriver\win32\114.0.5735.90\chromedriver.exe
Starting ChromeDriver 114.0.5735.90 (386bc09e8f4f2e025eddae123f36f6263096ae49-refs/branch-heads/5735@{#1052}) on port 5840
Only local connections are allowed.
Please see https://chromedriver.chromium.org/security-considerations for suggestions on keeping ChromeDriver safe.
ChromeDriver was started successfully.
jun 12, 2023 9:24:25 AM org.openqa.selenium.remote.ProtocolHandshake createSession
INFORMACIÓN: Detected dialect: W3C
[main] INFO com.hiberus.cucumber.stepdefs.login.LoginPageSteps - the user is on the home page
[main] ERROR com.hiberus.cucumber.page.AbstractPage - unknown error: net::ERR_INTERNET_DISCONNECTED
  (Session info: chrome=114.0.5735.110)
Build info: version: '3.141.59', revision: 'e82be7d358', time: '2018-11-14T08:17:03'
System info: host: 'HL-010525', ip: '127.0.0.1', os.name: 'Windows 10', os.arch: 'amd64', os.version: '10.0', java.version: '1.8.0_202'
Driver info: org.openqa.selenium.chrome.ChromeDriver
Capabilities {acceptInsecureCerts: false, browserName: chrome, browserVersion: 114.0.5735.110, chrome: {chromedriverVersion: 114.0.5735.90 (386bc09e8f4f..., userDataDir: C:\Windows\SystemTemp\scope...}, goog:chromeOptions: {debuggerAddress: localhost:56395}, javascriptEnabled: true, networkConnectionEnabled: false, pageLoadStrategy: normal, platform: WINDOWS, platformName: WINDOWS, proxy: Proxy(), setWindowRect: true, strictFileInteractability: false, timeouts: {implicit: 0, pageLoad: 300000, script: 30000}, unhandledPromptBehavior: dismiss and notify, webauthn:extension:credBlob: true, webauthn:extension:largeBlob: true, webauthn:extension:minPinLength: true, webauthn:extension:prf: true, webauthn:virtualAuthenticators: true}
Session ID: f5653678e45bca9eb3e42c42a9388a7a
[main] INFO com.hiberus.cucumber.page.LoginPage - Login in...
[main] INFO com.hiberus.cucumber.support.Hooks - ending Successful login
[main] INFO com.hiberus.cucumber.support.Hooks - Ending Successful login
]]></system-err>
  </testcase>
  <testcase name="Incorrect login #1" classname="Register test suit #1" time="7.821">
    <error message="no such element: Unable to locate element: {&quot;method&quot;:&quot;xpath&quot;,&quot;selector&quot;:&quot;//a[contains(@class, &apos;dropdown-toggle&apos;)]&quot;}&#10;  (Session info: chrome=114.0.5735.110)&#10;For documentation on this error, please visit: https://www.seleniumhq.org/exceptions/no_such_element.html&#10;Build info: version: &apos;3.141.59&apos;, revision: &apos;e82be7d358&apos;, time: &apos;2018-11-14T08:17:03&apos;&#10;System info: host: &apos;HL-010525&apos;, ip: &apos;127.0.0.1&apos;, os.name: &apos;Windows 10&apos;, os.arch: &apos;amd64&apos;, os.version: &apos;10.0&apos;, java.version: &apos;1.8.0_202&apos;&#10;Driver info: org.openqa.selenium.chrome.ChromeDriver&#10;Capabilities {acceptInsecureCerts: false, browserName: chrome, browserVersion: 114.0.5735.110, chrome: {chromedriverVersion: 114.0.5735.90 (386bc09e8f4f..., userDataDir: C:\Windows\SystemTemp\scope...}, goog:chromeOptions: {debuggerAddress: localhost:56416}, javascriptEnabled: true, networkConnectionEnabled: false, pageLoadStrategy: normal, platform: WINDOWS, platformName: WINDOWS, proxy: Proxy(), setWindowRect: true, strictFileInteractability: false, timeouts: {implicit: 0, pageLoad: 300000, script: 30000}, unhandledPromptBehavior: dismiss and notify, webauthn:extension:credBlob: true, webauthn:extension:largeBlob: true, webauthn:extension:minPinLength: true, webauthn:extension:prf: true, webauthn:virtualAuthenticators: true}&#10;Session ID: 1b7f63caf065306f48dd6578d4dccccc&#10;*** Element info: {Using=xpath, value=//a[contains(@class, &apos;dropdown-toggle&apos;)]}" type="org.openqa.selenium.NoSuchElementException">org.openqa.selenium.NoSuchElementException: 
no such element: Unable to locate element: {"method":"xpath","selector":"//a[contains(@class, 'dropdown-toggle')]"}
  (Session info: chrome=114.0.5735.110)
For documentation on this error, please visit: https://www.seleniumhq.org/exceptions/no_such_element.html
Build info: version: '3.141.59', revision: 'e82be7d358', time: '2018-11-14T08:17:03'
System info: host: 'HL-010525', ip: '127.0.0.1', os.name: 'Windows 10', os.arch: 'amd64', os.version: '10.0', java.version: '1.8.0_202'
Driver info: org.openqa.selenium.chrome.ChromeDriver
Capabilities {acceptInsecureCerts: false, browserName: chrome, browserVersion: 114.0.5735.110, chrome: {chromedriverVersion: 114.0.5735.90 (386bc09e8f4f..., userDataDir: C:\Windows\SystemTemp\scope...}, goog:chromeOptions: {debuggerAddress: localhost:56416}, javascriptEnabled: true, networkConnectionEnabled: false, pageLoadStrategy: normal, platform: WINDOWS, platformName: WINDOWS, proxy: Proxy(), setWindowRect: true, strictFileInteractability: false, timeouts: {implicit: 0, pageLoad: 300000, script: 30000}, unhandledPromptBehavior: dismiss and notify, webauthn:extension:credBlob: true, webauthn:extension:largeBlob: true, webauthn:extension:minPinLength: true, webauthn:extension:prf: true, webauthn:virtualAuthenticators: true}
Session ID: 1b7f63caf065306f48dd6578d4dccccc
*** Element info: {Using=xpath, value=//a[contains(@class, 'dropdown-toggle')]}
</error>
    <system-out><![CDATA[                        &amp#27;[90m# com.hiberus.cucumber.stepdefs.login.LoginPageSteps.theUserIsOnTheHomePage()&amp#27;[0m
  &amp#27;[31mWhen &amp#27;[0m&amp#27;[31mI click on my account&amp#27;[0m                               &amp#27;[90m# com.hiberus.cucumber.stepdefs.login.LoginPageSteps.myAccount()&amp#27;[0m
      &amp#27;[31morg.openqa.selenium.NoSuchElementException: no such element: Unable to locate element: {"method":"xpath","selector":"//a[contains(@class, 'dropdown-toggle')]"}
  (Session info: chrome=114.0.5735.110)
For documentation on this error, please visit: https://www.seleniumhq.org/exceptions/no_such_element.html
Build info: version: '3.141.59', revision: 'e82be7d358', time: '2018-11-14T08:17:03'
System info: host: 'HL-010525', ip: '127.0.0.1', os.name: 'Windows 10', os.arch: 'amd64', os.version: '10.0', java.version: '1.8.0_202'
Driver info: org.openqa.selenium.chrome.ChromeDriver
Capabilities {acceptInsecureCerts: false, browserName: chrome, browserVersion: 114.0.5735.110, chrome: {chromedriverVersion: 114.0.5735.90 (386bc09e8f4f..., userDataDir: C:\Windows\SystemTemp\scope...}, goog:chromeOptions: {debuggerAddress: localhost:56395}, javascriptEnabled: true, networkConnectionEnabled: false, pageLoadStrategy: normal, platform: WINDOWS, platformName: WINDOWS, proxy: Proxy(), setWindowRect: true, strictFileInteractability: false, timeouts: {implicit: 0, pageLoad: 300000, script: 30000}, unhandledPromptBehavior: dismiss and notify, webauthn:extension:credBlob: true, webauthn:extension:largeBlob: true, webauthn:extension:minPinLength: true, webauthn:extension:prf: true, webauthn:virtualAuthenticators: true}
Session ID: f5653678e45bca9eb3e42c42a9388a7a
*** Element info: {Using=xpath, value=//a[contains(@class, 'dropdown-toggle')]}
	at sun.reflect.NativeConstructorAccessorImpl.newInstance0(Native Method)
	at sun.reflect.NativeConstructorAccessorImpl.newInstance(NativeConstructorAccessorImpl.java:62)
	at sun.reflect.DelegatingConstructorAccessorImpl.newInstance(DelegatingConstructorAccessorImpl.java:45)
	at java.lang.reflect.Constructor.newInstance(Constructor.java:423)
	at org.openqa.selenium.remote.http.W3CHttpResponseCodec.createException(W3CHttpResponseCodec.java:187)
	at org.openqa.selenium.remote.http.W3CHttpResponseCodec.decode(W3CHttpResponseCodec.java:122)
	at org.openqa.selenium.remote.http.W3CHttpResponseCodec.decode(W3CHttpResponseCodec.java:49)
	at org.openqa.selenium.remote.HttpCommandExecutor.execute(HttpCommandExecutor.java:158)
	at org.openqa.selenium.remote.service.DriverCommandExecutor.execute(DriverCommandExecutor.java:83)
	at org.openqa.selenium.remote.RemoteWebDriver.execute(RemoteWebDriver.java:552)
	at org.openqa.selenium.remote.RemoteWebDriver.findElement(RemoteWebDriver.java:323)
	at org.openqa.selenium.remote.RemoteWebDriver.findElementByXPath(RemoteWebDriver.java:428)
	at org.openqa.selenium.By$ByXPath.findElement(By.java:353)
	at org.openqa.selenium.remote.RemoteWebDriver.findElement(RemoteWebDriver.java:315)
	at org.openqa.selenium.support.pagefactory.DefaultElementLocator.findElement(DefaultElementLocator.java:69)
	at org.openqa.selenium.support.pagefactory.internal.LocatingElementHandler.invoke(LocatingElementHandler.java:38)
	at com.sun.proxy.$Proxy19.click(Unknown Source)
	at com.hiberus.cucumber.page.LoginPage.clickMyAccount(LoginPage.java:44)
	at com.hiberus.cucumber.stepdefs.login.LoginPageSteps.myAccount(LoginPageSteps.java:26)
	at âœ½.I click on my account(file:///C:/Users/gcanales/Documents/Hiberus%20QA/Ejercicios%20QA/finalProyect/finalProyect/src/test/features/loginTestCase.feature:6)
&amp#27;[0m
  &amp#27;[36mAnd &amp#27;[0m&amp#27;[36mI click on login&amp#27;[0m                                     &amp#27;[90m# com.hiberus.cucumber.stepdefs.login.LoginPageSteps.goLogin()&amp#27;[0m
  &amp#27;[36mGiven &amp#27;[0m&amp#27;[36mI will be taken to the login screen&amp#27;[0m                &amp#27;[90m# com.hiberus.cucumber.stepdefs.login.LoginPageSteps.iAmFormLoginScreen()&amp#27;[0m
  &amp#27;[36mAnd &amp#27;[0m&amp#27;[36mI enter the E-mail &amp#27;[0m&amp#27;[36m&amp#27;[1m"gabiqa1@email.com"&amp#27;[0m               &amp#27;[90m# com.hiberus.cucumber.stepdefs.login.LoginPageSteps.iEnterTheEMail(java.lang.String)&amp#27;[0m
  &amp#27;[36mAnd &amp#27;[0m&amp#27;[36mI enter the password &amp#27;[0m&amp#27;[36m&amp#27;[1m"password"&amp#27;[0m                      &amp#27;[90m# com.hiberus.cucumber.stepdefs.login.LoginPageSteps.iEnterThePassword(java.lang.String)&amp#27;[0m
  &amp#27;[36mAnd &amp#27;[0m&amp#27;[36mI click on login button&amp#27;[0m                              &amp#27;[90m# com.hiberus.cucumber.stepdefs.login.LoginPageSteps.iClickOnLoginButton()&amp#27;[0m
  &amp#27;[36mThen &amp#27;[0m&amp#27;[36mI will be on the screen confirming successful login&amp#27;[0m &amp#27;[90m# com.hiberus.cucumber.stepdefs.login.LoginPageSteps.successfulRegistration()&amp#27;[0m

    Embedding screenshot_1686554667255.png [image/png 23992 bytes]


@loginsuite @smoke @loginko
Scenario Outline: Incorrect login                                                                  &amp#27;[90m# src/test/features/loginTestCase.feature:32&amp#27;[0m
  &amp#27;[32mGiven &amp#27;[0m&amp#27;[32mI am on the home page&amp#27;[0m                                                                      &amp#27;[90m# com.hiberus.cucumber.stepdefs.login.LoginPageSteps.theUserIsOnTheHomePage()&amp#27;[0m
  &amp#27;[31mWhen &amp#27;[0m&amp#27;[31mI click on my account&amp#27;[0m                                                                       &amp#27;[90m# com.hiberus.cucumber.stepdefs.login.LoginPageSteps.myAccount()&amp#27;[0m
      &amp#27;[31morg.openqa.selenium.NoSuchElementException: no such element: Unable to locate element: {"method":"xpath","selector":"//a[contains(@class, 'dropdown-toggle')]"}
  (Session info: chrome=114.0.5735.110)
For documentation on this error, please visit: https://www.seleniumhq.org/exceptions/no_such_element.html
Build info: version: '3.141.59', revision: 'e82be7d358', time: '2018-11-14T08:17:03'
System info: host: 'HL-010525', ip: '127.0.0.1', os.name: 'Windows 10', os.arch: 'amd64', os.version: '10.0', java.version: '1.8.0_202'
Driver info: org.openqa.selenium.chrome.ChromeDriver
Capabilities {acceptInsecureCerts: false, browserName: chrome, browserVersion: 114.0.5735.110, chrome: {chromedriverVersion: 114.0.5735.90 (386bc09e8f4f..., userDataDir: C:\Windows\SystemTemp\scope...}, goog:chromeOptions: {debuggerAddress: localhost:56416}, javascriptEnabled: true, networkConnectionEnabled: false, pageLoadStrategy: normal, platform: WINDOWS, platformName: WINDOWS, proxy: Proxy(), setWindowRect: true, strictFileInteractability: false, timeouts: {implicit: 0, pageLoad: 300000, script: 30000}, unhandledPromptBehavior: dismiss and notify, webauthn:extension:credBlob: true, webauthn:extension:largeBlob: true, webauthn:extension:minPinLength: true, webauthn:extension:prf: true, webauthn:virtualAuthenticators: true}
Session ID: 1b7f63caf065306f48dd6578d4dccccc
*** Element info: {Using=xpath, value=//a[contains(@class, 'dropdown-toggle')]}
	at sun.reflect.NativeConstructorAccessorImpl.newInstance0(Native Method)
	at sun.reflect.NativeConstructorAccessorImpl.newInstance(NativeConstructorAccessorImpl.java:62)
	at sun.reflect.DelegatingConstructorAccessorImpl.newInstance(DelegatingConstructorAccessorImpl.java:45)
	at java.lang.reflect.Constructor.newInstance(Constructor.java:423)
	at org.openqa.selenium.remote.http.W3CHttpResponseCodec.createException(W3CHttpResponseCodec.java:187)
	at org.openqa.selenium.remote.http.W3CHttpResponseCodec.decode(W3CHttpResponseCodec.java:122)
	at org.openqa.selenium.remote.http.W3CHttpResponseCodec.decode(W3CHttpResponseCodec.java:49)
	at org.openqa.selenium.remote.HttpCommandExecutor.execute(HttpCommandExecutor.java:158)
	at org.openqa.selenium.remote.service.DriverCommandExecutor.execute(DriverCommandExecutor.java:83)
	at org.openqa.selenium.remote.RemoteWebDriver.execute(RemoteWebDriver.java:552)
	at org.openqa.selenium.remote.RemoteWebDriver.findElement(RemoteWebDriver.java:323)
	at org.openqa.selenium.remote.RemoteWebDriver.findElementByXPath(RemoteWebDriver.java:428)
	at org.openqa.selenium.By$ByXPath.findElement(By.java:353)
	at org.openqa.selenium.remote.RemoteWebDriver.findElement(RemoteWebDriver.java:315)
	at org.openqa.selenium.support.pagefactory.DefaultElementLocator.findElement(DefaultElementLocator.java:69)
	at org.openqa.selenium.support.pagefactory.internal.LocatingElementHandler.invoke(LocatingElementHandler.java:38)
	at com.sun.proxy.$Proxy19.click(Unknown Sourc]]></system-out>
    <system-err><![CDATA[[main] INFO com.hiberus.cucumber.support.Hooks - starting Incorrect login
[main] INFO io.github.bonigarcia.wdm.WebDriverManager - Using chromedriver 114.0.5735.90 (resolved driver for Chrome 114)
[main] INFO io.github.bonigarcia.wdm.WebDriverManager - Exporting webdriver.chrome.driver as C:\Users\gcanales\.cache\selenium\chromedriver\win32\114.0.5735.90\chromedriver.exe
Starting ChromeDriver 114.0.5735.90 (386bc09e8f4f2e025eddae123f36f6263096ae49-refs/branch-heads/5735@{#1052}) on port 36501
Only local connections are allowed.
Please see https://chromedriver.chromium.org/security-considerations for suggestions on keeping ChromeDriver safe.
ChromeDriver was started successfully.
jun 12, 2023 9:24:32 AM org.openqa.selenium.remote.ProtocolHandshake createSession
INFORMACIÓN: Detected dialect: W3C
[main] INFO com.hiberus.cucumber.stepdefs.login.LoginPageSteps - the user is on the home page
[main] ERROR com.hiberus.cucumber.page.AbstractPage - unknown error: net::ERR_INTERNET_DISCONNECTED
  (Session info: chrome=114.0.5735.110)
Build info: version: '3.141.59', revision: 'e82be7d358', time: '2018-11-14T08:17:03'
System info: host: 'HL-010525', ip: '127.0.0.1', os.name: 'Windows 10', os.arch: 'amd64', os.version: '10.0', java.version: '1.8.0_202'
Driver info: org.openqa.selenium.chrome.ChromeDriver
Capabilities {acceptInsecureCerts: false, browserName: chrome, browserVersion: 114.0.5735.110, chrome: {chromedriverVersion: 114.0.5735.90 (386bc09e8f4f..., userDataDir: C:\Windows\SystemTemp\scope...}, goog:chromeOptions: {debuggerAddress: localhost:56416}, javascriptEnabled: true, networkConnectionEnabled: false, pageLoadStrategy: normal, platform: WINDOWS, platformName: WINDOWS, proxy: Proxy(), setWindowRect: true, strictFileInteractability: false, timeouts: {implicit: 0, pageLoad: 300000, script: 30000}, unhandledPromptBehavior: dismiss and notify, webauthn:extension:credBlob: true, webauthn:extension:largeBlob: true, webauthn:extension:minPinLength: true, webauthn:extension:prf: true, webauthn:virtualAuthenticators: true}
Session ID: 1b7f63caf065306f48dd6578d4dccccc
[main] INFO com.hiberus.cucumber.page.LoginPage - Login in...
[main] INFO com.hiberus.cucumber.support.Hooks - ending Incorrect login
[main] INFO com.hiberus.cucumber.support.Hooks - Ending Incorrect login
]]></system-err>
  </testcase>
  <testcase name="Incorrect login #2" classname="Register test suit #1" time="6.262">
    <error message="no such element: Unable to locate element: {&quot;method&quot;:&quot;xpath&quot;,&quot;selector&quot;:&quot;//a[contains(@class, &apos;dropdown-toggle&apos;)]&quot;}&#10;  (Session info: chrome=114.0.5735.110)&#10;For documentation on this error, please visit: https://www.seleniumhq.org/exceptions/no_such_element.html&#10;Build info: version: &apos;3.141.59&apos;, revision: &apos;e82be7d358&apos;, time: &apos;2018-11-14T08:17:03&apos;&#10;System info: host: &apos;HL-010525&apos;, ip: &apos;127.0.0.1&apos;, os.name: &apos;Windows 10&apos;, os.arch: &apos;amd64&apos;, os.version: &apos;10.0&apos;, java.version: &apos;1.8.0_202&apos;&#10;Driver info: org.openqa.selenium.chrome.ChromeDriver&#10;Capabilities {acceptInsecureCerts: false, browserName: chrome, browserVersion: 114.0.5735.110, chrome: {chromedriverVersion: 114.0.5735.90 (386bc09e8f4f..., userDataDir: C:\Windows\SystemTemp\scope...}, goog:chromeOptions: {debuggerAddress: localhost:56443}, javascriptEnabled: true, networkConnectionEnabled: false, pageLoadStrategy: normal, platform: WINDOWS, platformName: WINDOWS, proxy: Proxy(), setWindowRect: true, strictFileInteractability: false, timeouts: {implicit: 0, pageLoad: 300000, script: 30000}, unhandledPromptBehavior: dismiss and notify, webauthn:extension:credBlob: true, webauthn:extension:largeBlob: true, webauthn:extension:minPinLength: true, webauthn:extension:prf: true, webauthn:virtualAuthenticators: true}&#10;Session ID: d4dd2166e867eb174d7c32d1e0e29ecf&#10;*** Element info: {Using=xpath, value=//a[contains(@class, &apos;dropdown-toggle&apos;)]}" type="org.openqa.selenium.NoSuchElementException">org.openqa.selenium.NoSuchElementException: 
no such element: Unable to locate element: {"method":"xpath","selector":"//a[contains(@class, 'dropdown-toggle')]"}
  (Session info: chrome=114.0.5735.110)
For documentation on this error, please visit: https://www.seleniumhq.org/exceptions/no_such_element.html
Build info: version: '3.141.59', revision: 'e82be7d358', time: '2018-11-14T08:17:03'
System info: host: 'HL-010525', ip: '127.0.0.1', os.name: 'Windows 10', os.arch: 'amd64', os.version: '10.0', java.version: '1.8.0_202'
Driver info: org.openqa.selenium.chrome.ChromeDriver
Capabilities {acceptInsecureCerts: false, browserName: chrome, browserVersion: 114.0.5735.110, chrome: {chromedriverVersion: 114.0.5735.90 (386bc09e8f4f..., userDataDir: C:\Windows\SystemTemp\scope...}, goog:chromeOptions: {debuggerAddress: localhost:56443}, javascriptEnabled: true, networkConnectionEnabled: false, pageLoadStrategy: normal, platform: WINDOWS, platformName: WINDOWS, proxy: Proxy(), setWindowRect: true, strictFileInteractability: false, timeouts: {implicit: 0, pageLoad: 300000, script: 30000}, unhandledPromptBehavior: dismiss and notify, webauthn:extension:credBlob: true, webauthn:extension:largeBlob: true, webauthn:extension:minPinLength: true, webauthn:extension:prf: true, webauthn:virtualAuthenticators: true}
Session ID: d4dd2166e867eb174d7c32d1e0e29ecf
*** Element info: {Using=xpath, value=//a[contains(@class, 'dropdown-toggle')]}
</error>
    <system-err><![CDATA[[main] INFO com.hiberus.cucumber.support.Hooks - starting Incorrect login
[main] INFO io.github.bonigarcia.wdm.WebDriverManager - Using chromedriver 114.0.5735.90 (resolved driver for Chrome 114)
[main] INFO io.github.bonigarcia.wdm.WebDriverManager - Exporting webdriver.chrome.driver as C:\Users\gcanales\.cache\selenium\chromedriver\win32\114.0.5735.90\chromedriver.exe
Starting ChromeDriver 114.0.5735.90 (386bc09e8f4f2e025eddae123f36f6263096ae49-refs/branch-heads/5735@{#1052}) on port 36503
Only local connections are allowed.
Please see https://chromedriver.chromium.org/security-considerations for suggestions on keeping ChromeDriver safe.
ChromeDriver was started successfully.
jun 12, 2023 9:24:39 AM org.openqa.selenium.remote.ProtocolHandshake createSession
INFORMACIÓN: Detected dialect: W3C
[main] INFO com.hiberus.cucumber.stepdefs.login.LoginPageSteps - the user is on the home page
[main] ERROR com.hiberus.cucumber.page.AbstractPage - unknown error: net::ERR_INTERNET_DISCONNECTED
  (Session info: chrome=114.0.5735.110)
Build info: version: '3.141.59', revision: 'e82be7d358', time: '2018-11-14T08:17:03'
System info: host: 'HL-010525', ip: '127.0.0.1', os.name: 'Windows 10', os.arch: 'amd64', os.version: '10.0', java.version: '1.8.0_202'
Driver info: org.openqa.selenium.chrome.ChromeDriver
Capabilities {acceptInsecureCerts: false, browserName: chrome, browserVersion: 114.0.5735.110, chrome: {chromedriverVersion: 114.0.5735.90 (386bc09e8f4f..., userDataDir: C:\Windows\SystemTemp\scope...}, goog:chromeOptions: {debuggerAddress: localhost:56443}, javascriptEnabled: true, networkConnectionEnabled: false, pageLoadStrategy: normal, platform: WINDOWS, platformName: WINDOWS, proxy: Proxy(), setWindowRect: true, strictFileInteractability: false, timeouts: {implicit: 0, pageLoad: 300000, script: 30000}, unhandledPromptBehavior: dismiss and notify, webauthn:extension:credBlob: true, webauthn:extension:largeBlob: true, webauthn:extension:minPinLength: true, webauthn:extension:prf: true, webauthn:virtualAuthenticators: true}
Session ID: d4dd2166e867eb174d7c32d1e0e29ecf
[main] INFO com.hiberus.cucumber.page.LoginPage - Login in...
[main] INFO com.hiberus.cucumber.support.Hooks - ending Incorrect login
[main] INFO com.hiberus.cucumber.support.Hooks - Ending Incorrect login
]]></system-err>
  </testcase>
  <testcase name="Incorrect login #3" classname="Register test suit #1" time="6.553">
    <error message="no such element: Unable to locate element: {&quot;method&quot;:&quot;xpath&quot;,&quot;selector&quot;:&quot;//a[contains(@class, &apos;dropdown-toggle&apos;)]&quot;}&#10;  (Session info: chrome=114.0.5735.110)&#10;For documentation on this error, please visit: https://www.seleniumhq.org/exceptions/no_such_element.html&#10;Build info: version: &apos;3.141.59&apos;, revision: &apos;e82be7d358&apos;, time: &apos;2018-11-14T08:17:03&apos;&#10;System info: host: &apos;HL-010525&apos;, ip: &apos;127.0.0.1&apos;, os.name: &apos;Windows 10&apos;, os.arch: &apos;amd64&apos;, os.version: &apos;10.0&apos;, java.version: &apos;1.8.0_202&apos;&#10;Driver info: org.openqa.selenium.chrome.ChromeDriver&#10;Capabilities {acceptInsecureCerts: false, browserName: chrome, browserVersion: 114.0.5735.110, chrome: {chromedriverVersion: 114.0.5735.90 (386bc09e8f4f..., userDataDir: C:\Windows\SystemTemp\scope...}, goog:chromeOptions: {debuggerAddress: localhost:56474}, javascriptEnabled: true, networkConnectionEnabled: false, pageLoadStrategy: normal, platform: WINDOWS, platformName: WINDOWS, proxy: Proxy(), setWindowRect: true, strictFileInteractability: false, timeouts: {implicit: 0, pageLoad: 300000, script: 30000}, unhandledPromptBehavior: dismiss and notify, webauthn:extension:credBlob: true, webauthn:extension:largeBlob: true, webauthn:extension:minPinLength: true, webauthn:extension:prf: true, webauthn:virtualAuthenticators: true}&#10;Session ID: b48995bc8d0e86f5193bb8c76806a65c&#10;*** Element info: {Using=xpath, value=//a[contains(@class, &apos;dropdown-toggle&apos;)]}" type="org.openqa.selenium.NoSuchElementException">org.openqa.selenium.NoSuchElementException: 
no such element: Unable to locate element: {"method":"xpath","selector":"//a[contains(@class, 'dropdown-toggle')]"}
  (Session info: chrome=114.0.5735.110)
For documentation on this error, please visit: https://www.seleniumhq.org/exceptions/no_such_element.html
Build info: version: '3.141.59', revision: 'e82be7d358', time: '2018-11-14T08:17:03'
System info: host: 'HL-010525', ip: '127.0.0.1', os.name: 'Windows 10', os.arch: 'amd64', os.version: '10.0', java.version: '1.8.0_202'
Driver info: org.openqa.selenium.chrome.ChromeDriver
Capabilities {acceptInsecureCerts: false, browserName: chrome, browserVersion: 114.0.5735.110, chrome: {chromedriverVersion: 114.0.5735.90 (386bc09e8f4f..., userDataDir: C:\Windows\SystemTemp\scope...}, goog:chromeOptions: {debuggerAddress: localhost:56474}, javascriptEnabled: true, networkConnectionEnabled: false, pageLoadStrategy: normal, platform: WINDOWS, platformName: WINDOWS, proxy: Proxy(), setWindowRect: true, strictFileInteractability: false, timeouts: {implicit: 0, pageLoad: 300000, script: 30000}, unhandledPromptBehavior: dismiss and notify, webauthn:extension:credBlob: true, webauthn:extension:largeBlob: true, webauthn:extension:minPinLength: true, webauthn:extension:prf: true, webauthn:virtualAuthenticators: true}
Session ID: b48995bc8d0e86f5193bb8c76806a65c
*** Element info: {Using=xpath, value=//a[contains(@class, 'dropdown-toggle')]}
</error>
    <system-out><![CDATA[e)
	at com.hiberus.cucumber.page.LoginPage.clickMyAccount(LoginPage.java:44)
	at com.hiberus.cucumber.stepdefs.login.LoginPageSteps.myAccount(LoginPageSteps.java:26)
	at âœ½.I click on my account(file:///C:/Users/gcanales/Documents/Hiberus%20QA/Ejercicios%20QA/finalProyect/finalProyect/src/test/features/loginTestCase.feature:6)
&amp#27;[0m
  &amp#27;[36mAnd &amp#27;[0m&amp#27;[36mI click on login&amp#27;[0m                                                                             &amp#27;[90m# com.hiberus.cucumber.stepdefs.login.LoginPageSteps.goLogin()&amp#27;[0m
  &amp#27;[36mGiven &amp#27;[0m&amp#27;[36mI will be taken to the login screen&amp#27;[0m                                                        &amp#27;[90m# com.hiberus.cucumber.stepdefs.login.LoginPageSteps.iAmFormLoginScreen()&amp#27;[0m
  &amp#27;[36mAnd &amp#27;[0m&amp#27;[36mI enter the E-mail &amp#27;[0m&amp#27;[36m&amp#27;[1m"bad@email.com"&amp#27;[0m                                                           &amp#27;[90m# com.hiberus.cucumber.stepdefs.login.LoginPageSteps.iEnterTheEMail(java.lang.String)&amp#27;[0m
  &amp#27;[36mAnd &amp#27;[0m&amp#27;[36mI enter the password &amp#27;[0m&amp#27;[36m&amp#27;[1m"password"&amp#27;[0m                                                              &amp#27;[90m# com.hiberus.cucumber.stepdefs.login.LoginPageSteps.iEnterThePassword(java.lang.String)&amp#27;[0m
  &amp#27;[36mAnd &amp#27;[0m&amp#27;[36mI click on login button&amp#27;[0m                                                                      &amp#27;[90m# com.hiberus.cucumber.stepdefs.login.LoginPageSteps.iClickOnLoginButton()&amp#27;[0m
  &amp#27;[36mThen &amp#27;[0m&amp#27;[36man error message will appear saying &amp#27;[0m&amp#27;[36m&amp#27;[1m"Warning: No match for E-Mail Address and/or Password."&amp#27;[0m &amp#27;[90m# com.hiberus.cucumber.stepdefs.login.LoginPageSteps.anErrorMessageWillAppearSaying(java.lang.String)&amp#27;[0m

    Embedding screenshot_1686554675262.png [image/png 23992 bytes]


@loginsuite @smoke @loginko
Scenario Outline: Incorrect login                                                                  &amp#27;[90m# src/test/features/loginTestCase.feature:33&amp#27;[0m
  &amp#27;[32mGiven &amp#27;[0m&amp#27;[32mI am on the home page&amp#27;[0m                                                                      &amp#27;[90m# com.hiberus.cucumber.stepdefs.login.LoginPageSteps.theUserIsOnTheHomePage()&amp#27;[0m
  &amp#27;[31mWhen &amp#27;[0m&amp#27;[31mI click on my account&amp#27;[0m                                                                       &amp#27;[90m# com.hiberus.cucumber.stepdefs.login.LoginPageSteps.myAccount()&amp#27;[0m
      &amp#27;[31morg.openqa.selenium.NoSuchElementException: no such element: Unable to locate element: {"method":"xpath","selector":"//a[contains(@class, 'dropdown-toggle')]"}
  (Session info: chrome=114.0.5735.110)
For documentation on this error, please visit: https://www.seleniumhq.org/exceptions/no_such_element.html
Build info: version: '3.141.59', revision: 'e82be7d358', time: '2018-11-14T08:17:03'
System info: host: 'HL-010525', ip: '127.0.0.1', os.name: 'Windows 10', os.arch: 'amd64', os.version: '10.0', java.version: '1.8.0_202'
Driver info: org.openqa.selenium.chrome.ChromeDriver
Capabilities {acceptInsecureCerts: false, browserName: chrome, browserVersion: 114.0.5735.110, chrome: {chromedriverVersion: 114.0.5735.90 (386bc09e8f4f..., userDataDir: C:\Windows\SystemTemp\scope...}, goog:chromeOptions: {debuggerAddress: localhost:56443}, javascriptEnabled: true, networkConnectionEnabled: false, pageLoadStrategy: normal, platform: WINDOWS, platformName: WINDOWS, proxy: Proxy(), setWindowRect: true, strictFileInteractability: false, timeouts: {implicit: 0, pageLoad: 300000, script: 30000}, unhandledPromptBehavior: dismiss and notify, webauthn:extension:credBlob: true, webauthn:extension:largeBlob: true, webauthn:extension:minPinLength: true, webauthn:extension:prf: true, webauthn:virtualAuthenticators: true}
Session ID: d4dd2166e867eb174d7c32d1e0e29ecf
*** Element info: {Using=xpath, value=//a[contains(@class, 'dropdown-toggle')]}
	at sun.reflect.NativeConstructorAccessorImpl.newInstance0(Native Method)
	at sun.reflect.NativeConstructorAccessorImpl.newInstance(NativeConstructorAccessorImpl.java:62)
	at sun.reflect.DelegatingConstructorAccessorImpl.newInstance(DelegatingConstructorAccessorImpl.java:45)
	at java.lang.reflect.Constructor.newInstance(Constructor.java:423)
	at org.openqa.selenium.remote.http.W3CHttpResponseCodec.createException(W3CHttpResponseCodec.java:187)
	at org.openqa.selenium.remote.http.W3CHttpResponseCodec.decode(W3CHttpResponseCodec.java:122)
	at org.openqa.selenium.remote.http.W3CHttpResponseCodec.decode(W3CHttpResponseCodec.java:49)
	at org.openqa.selenium.remote.HttpCommandExecutor.execute(HttpCommandExecutor.java:158)
	at org.openqa.selenium.remote.service.DriverCommandExecutor.execute(DriverCommandExecutor.java:83)
	at org.openqa.selenium.remote.RemoteWebDriver.execute(RemoteWebDriver.java:552)
	at org.openqa.selenium.remote.RemoteWebDriver.findElement(RemoteWebDriver.java:323)
	at org.openqa.selenium.remote.RemoteWebDriver.findElementByXPath(RemoteWebDriver.java:428)
	at org.openqa.selenium.By$ByXPath.findElement(By.java:353)
	at org.openqa.selenium.remote.RemoteWebDriver.findElement(RemoteWebDriver.java:315)
	at org.openqa.selenium.support.pagefactory.DefaultElementLocator.findElement(DefaultElementLocator.java:69)
	at org.openqa.selenium.support.pagefactory.internal.LocatingElementHandler.invoke(LocatingElementHandler.java:38)
	at com.sun.proxy.$Proxy19.click(Unknown Source)
	at com.hiberus.cucumber.page.LoginPage.clickMyAccount(LoginPage.java:44)
	at com.hiberus.cucumber.stepdefs.login.LoginPageSteps.myAccount(LoginPageSteps.java:26)
	at âœ½.I click on my account(file:///C:/Users/gcanales/Documents/Hiberus%20QA/Ejercicios%20QA/finalProyect/finalProyect/src/test/features/loginTestCase.feature:6)
&amp#27;[0m
  &amp#27;[36mAnd &amp#27;[0m&amp#27;[36mI click on login&amp#27;[0m                                                                             &amp#27;[90m# com.hiberus.cucumber.stepdefs.login.LoginPageSteps.goLogin()&amp#27;[0m
  &amp#27;[36mGiven &amp#27;[0m&amp#27;[36mI will be taken to the login screen&amp#27;[0m                                                        &amp#27;[90m# com.hiberus.cucumber.stepdefs.login.LoginPageSteps.iAmFormLoginScreen()&amp#27;[0m
  &amp#27;[36mAnd &amp#27;[0m&amp#27;[36mI enter the E-mail &amp#27;[0m&amp#27;[36m&amp#27;[1m"gabiqa1@email.com"&amp#27;[0m                                                       &amp#27;[90m# com.hiberus.cucumber.stepdefs.login.LoginPageSteps.iEnterTheEMail(java.lang.String)&amp#27;[0m
  &amp#27;[36mAnd &amp#27;[0m&amp#27;[36mI enter the password &amp#27;[0m&amp#27;[36m&amp#27;[1m"badpassword"&amp#27;[0m                                                           &amp#27;[90m# com.hiberus.cucumber.stepdefs.login.LoginPageSteps.iEnterThePassword(java.lang.String)&amp#27;[0m
  &amp#27;[36mAnd &amp#27;[0m&amp#27;[36mI click on login button&amp#27;[0m                                                                      &amp#27;[90m# com.hiberus.cucumber.stepdefs.login.LoginPageSteps.iClickOnLoginButton()&amp#27;[0m
  &amp#27;[36mThen &amp#27;[0m&amp#27;[36man error message will appear saying &amp#27;[0m&amp#27;[36m&amp#27;[1m"Warning: No match for E-Mail Address and/or Password."&amp#27;[0m &amp#27;[90m# com.hiberus.cucumber.stepdefs.login.LoginPageSteps.anErrorMessageWillAppearSaying(java.lang.String)&amp#27;[0m

    Embedding screenshot_1686554681498.png [image/png 23992 bytes]


@loginsuite @smoke @loginko
Scenario Outline: Incorrect login                                                                  &amp#27;[90m# src/test/features/loginTestCase.feature:34&amp#27;[0m
  &amp#27;[32mGiven &amp#27;[0m&amp#27;[32mI am on the home page&amp#27;[0m                                                                      &amp#27;[90m# com.hiberus.cucumber.stepdefs.login.LoginPageSteps.theUserIsOnTheHomePage()&amp#27;[0m
  &amp#27;[31mWhen &amp#27;[0m&amp#27;[31mI click on my account&amp#27;[0m                                                                       &amp#27;[90m# com.hiberus.cucumber.stepdefs.login.LoginPageSteps.myAccount()&amp#27;[0m
      &amp#27;[31morg.openqa.selenium.NoSuchElementException: no such element: Unable to locate element: {"method":"xpath","selector":"//a[contains(@class, 'dropdown-toggle')]"}
  (Session info: chrome=114.0.5735.110)
For documentation on this error, please visit: https://www.seleniumhq.org/exceptions/no_such_element.html
Build info: version: '3.141.59', revision: 'e82be7d358', time: '2018-11-14T08:17:03'
System info: host: 'HL-010525', ip: '127.0.0.1', os.name: 'Windows 10', os.arch: 'amd64', os.version: '10.0', java.version: '1.8.0_202'
Driver info: org.openqa.selenium.chrome.ChromeDriver
Capabilities {acceptInsecureCerts: false, browserName: chrome, browserVersion: 114.0.5735.110,]]></system-out>
    <system-err><![CDATA[[main] INFO com.hiberus.cucumber.support.Hooks - starting Incorrect login
[main] INFO io.github.bonigarcia.wdm.WebDriverManager - Using chromedriver 114.0.5735.90 (resolved driver for Chrome 114)
[main] INFO io.github.bonigarcia.wdm.WebDriverManager - Exporting webdriver.chrome.driver as C:\Users\gcanales\.cache\selenium\chromedriver\win32\114.0.5735.90\chromedriver.exe
Starting ChromeDriver 114.0.5735.90 (386bc09e8f4f2e025eddae123f36f6263096ae49-refs/branch-heads/5735@{#1052}) on port 26895
Only local connections are allowed.
Please see https://chromedriver.chromium.org/security-considerations for suggestions on keeping ChromeDriver safe.
ChromeDriver was started successfully.
jun 12, 2023 9:24:46 AM org.openqa.selenium.remote.ProtocolHandshake createSession
INFORMACIÓN: Detected dialect: W3C
[main] INFO com.hiberus.cucumber.stepdefs.login.LoginPageSteps - the user is on the home page
[main] ERROR com.hiberus.cucumber.page.AbstractPage - unknown error: net::ERR_INTERNET_DISCONNECTED
  (Session info: chrome=114.0.5735.110)
Build info: version: '3.141.59', revision: 'e82be7d358', time: '2018-11-14T08:17:03'
System info: host: 'HL-010525', ip: '127.0.0.1', os.name: 'Windows 10', os.arch: 'amd64', os.version: '10.0', java.version: '1.8.0_202'
Driver info: org.openqa.selenium.chrome.ChromeDriver
Capabilities {acceptInsecureCerts: false, browserName: chrome, browserVersion: 114.0.5735.110, chrome: {chromedriverVersion: 114.0.5735.90 (386bc09e8f4f..., userDataDir: C:\Windows\SystemTemp\scope...}, goog:chromeOptions: {debuggerAddress: localhost:56474}, javascriptEnabled: true, networkConnectionEnabled: false, pageLoadStrategy: normal, platform: WINDOWS, platformName: WINDOWS, proxy: Proxy(), setWindowRect: true, strictFileInteractability: false, timeouts: {implicit: 0, pageLoad: 300000, script: 30000}, unhandledPromptBehavior: dismiss and notify, webauthn:extension:credBlob: true, webauthn:extension:largeBlob: true, webauthn:extension:minPinLength: true, webauthn:extension:prf: true, webauthn:virtualAuthenticators: true}
Session ID: b48995bc8d0e86f5193bb8c76806a65c
[main] INFO com.hiberus.cucumber.page.LoginPage - Login in...
[main] INFO com.hiberus.cucumber.support.Hooks - ending Incorrect login
[main] INFO com.hiberus.cucumber.support.Hooks - Ending Incorrect login
]]></system-err>
  </testcase>
  <testcase name="Add to Cart" classname="Register test suit #2" time="5.887">
    <error message="no such element: Unable to locate element: {&quot;method&quot;:&quot;xpath&quot;,&quot;selector&quot;:&quot;//a[contains(@class, &apos;dropdown-toggle&apos;)]&quot;}&#10;  (Session info: chrome=114.0.5735.110)&#10;For documentation on this error, please visit: https://www.seleniumhq.org/exceptions/no_such_element.html&#10;Build info: version: &apos;3.141.59&apos;, revision: &apos;e82be7d358&apos;, time: &apos;2018-11-14T08:17:03&apos;&#10;System info: host: &apos;HL-010525&apos;, ip: &apos;127.0.0.1&apos;, os.name: &apos;Windows 10&apos;, os.arch: &apos;amd64&apos;, os.version: &apos;10.0&apos;, java.version: &apos;1.8.0_202&apos;&#10;Driver info: org.openqa.selenium.chrome.ChromeDriver&#10;Capabilities {acceptInsecureCerts: false, browserName: chrome, browserVersion: 114.0.5735.110, chrome: {chromedriverVersion: 114.0.5735.90 (386bc09e8f4f..., userDataDir: C:\Windows\SystemTemp\scope...}, goog:chromeOptions: {debuggerAddress: localhost:56497}, javascriptEnabled: true, networkConnectionEnabled: false, pageLoadStrategy: normal, platform: WINDOWS, platformName: WINDOWS, proxy: Proxy(), setWindowRect: true, strictFileInteractability: false, timeouts: {implicit: 0, pageLoad: 300000, script: 30000}, unhandledPromptBehavior: dismiss and notify, webauthn:extension:credBlob: true, webauthn:extension:largeBlob: true, webauthn:extension:minPinLength: true, webauthn:extension:prf: true, webauthn:virtualAuthenticators: true}&#10;Session ID: 2287404602435dd9f08f9e986c764e6c&#10;*** Element info: {Using=xpath, value=//a[contains(@class, &apos;dropdown-toggle&apos;)]}" type="org.openqa.selenium.NoSuchElementException">org.openqa.selenium.NoSuchElementException: 
no such element: Unable to locate element: {"method":"xpath","selector":"//a[contains(@class, 'dropdown-toggle')]"}
  (Session info: chrome=114.0.5735.110)
For documentation on this error, please visit: https://www.seleniumhq.org/exceptions/no_such_element.html
Build info: version: '3.141.59', revision: 'e82be7d358', time: '2018-11-14T08:17:03'
System info: host: 'HL-010525', ip: '127.0.0.1', os.name: 'Windows 10', os.arch: 'amd64', os.version: '10.0', java.version: '1.8.0_202'
Driver info: org.openqa.selenium.chrome.ChromeDriver
Capabilities {acceptInsecureCerts: false, browserName: chrome, browserVersion: 114.0.5735.110, chrome: {chromedriverVersion: 114.0.5735.90 (386bc09e8f4f..., userDataDir: C:\Windows\SystemTemp\scope...}, goog:chromeOptions: {debuggerAddress: localhost:56497}, javascriptEnabled: true, networkConnectionEnabled: false, pageLoadStrategy: normal, platform: WINDOWS, platformName: WINDOWS, proxy: Proxy(), setWindowRect: true, strictFileInteractability: false, timeouts: {implicit: 0, pageLoad: 300000, script: 30000}, unhandledPromptBehavior: dismiss and notify, webauthn:extension:credBlob: true, webauthn:extension:largeBlob: true, webauthn:extension:minPinLength: true, webauthn:extension:prf: true, webauthn:virtualAuthenticators: true}
Session ID: 2287404602435dd9f08f9e986c764e6c
*** Element info: {Using=xpath, value=//a[contains(@class, 'dropdown-toggle')]}
</error>
    <system-out><![CDATA[ chrome: {chromedriverVersion: 114.0.5735.90 (386bc09e8f4f..., userDataDir: C:\Windows\SystemTemp\scope...}, goog:chromeOptions: {debuggerAddress: localhost:56474}, javascriptEnabled: true, networkConnectionEnabled: false, pageLoadStrategy: normal, platform: WINDOWS, platformName: WINDOWS, proxy: Proxy(), setWindowRect: true, strictFileInteractability: false, timeouts: {implicit: 0, pageLoad: 300000, script: 30000}, unhandledPromptBehavior: dismiss and notify, webauthn:extension:credBlob: true, webauthn:extension:largeBlob: true, webauthn:extension:minPinLength: true, webauthn:extension:prf: true, webauthn:virtualAuthenticators: true}
Session ID: b48995bc8d0e86f5193bb8c76806a65c
*** Element info: {Using=xpath, value=//a[contains(@class, 'dropdown-toggle')]}
	at sun.reflect.NativeConstructorAccessorImpl.newInstance0(Native Method)
	at sun.reflect.NativeConstructorAccessorImpl.newInstance(NativeConstructorAccessorImpl.java:62)
	at sun.reflect.DelegatingConstructorAccessorImpl.newInstance(DelegatingConstructorAccessorImpl.java:45)
	at java.lang.reflect.Constructor.newInstance(Constructor.java:423)
	at org.openqa.selenium.remote.http.W3CHttpResponseCodec.createException(W3CHttpResponseCodec.java:187)
	at org.openqa.selenium.remote.http.W3CHttpResponseCodec.decode(W3CHttpResponseCodec.java:122)
	at org.openqa.selenium.remote.http.W3CHttpResponseCodec.decode(W3CHttpResponseCodec.java:49)
	at org.openqa.selenium.remote.HttpCommandExecutor.execute(HttpCommandExecutor.java:158)
	at org.openqa.selenium.remote.service.DriverCommandExecutor.execute(DriverCommandExecutor.java:83)
	at org.openqa.selenium.remote.RemoteWebDriver.execute(RemoteWebDriver.java:552)
	at org.openqa.selenium.remote.RemoteWebDriver.findElement(RemoteWebDriver.java:323)
	at org.openqa.selenium.remote.RemoteWebDriver.findElementByXPath(RemoteWebDriver.java:428)
	at org.openqa.selenium.By$ByXPath.findElement(By.java:353)
	at org.openqa.selenium.remote.RemoteWebDriver.findElement(RemoteWebDriver.java:315)
	at org.openqa.selenium.support.pagefactory.DefaultElementLocator.findElement(DefaultElementLocator.java:69)
	at org.openqa.selenium.support.pagefactory.internal.LocatingElementHandler.invoke(LocatingElementHandler.java:38)
	at com.sun.proxy.$Proxy19.click(Unknown Source)
	at com.hiberus.cucumber.page.LoginPage.clickMyAccount(LoginPage.java:44)
	at com.hiberus.cucumber.stepdefs.login.LoginPageSteps.myAccount(LoginPageSteps.java:26)
	at âœ½.I click on my account(file:///C:/Users/gcanales/Documents/Hiberus%20QA/Ejercicios%20QA/finalProyect/finalProyect/src/test/features/loginTestCase.feature:6)
&amp#27;[0m
  &amp#27;[36mAnd &amp#27;[0m&amp#27;[36mI click on login&amp#27;[0m                                                                             &amp#27;[90m# com.hiberus.cucumber.stepdefs.login.LoginPageSteps.goLogin()&amp#27;[0m
  &amp#27;[36mGiven &amp#27;[0m&amp#27;[36mI will be taken to the login screen&amp#27;[0m                                                        &amp#27;[90m# com.hiberus.cucumber.stepdefs.login.LoginPageSteps.iAmFormLoginScreen()&amp#27;[0m
  &amp#27;[36mAnd &amp#27;[0m&amp#27;[36mI enter the E-mail &amp#27;[0m&amp#27;[36m&amp#27;[1m""&amp#27;[0m                                                                        &amp#27;[90m# com.hiberus.cucumber.stepdefs.login.LoginPageSteps.iEnterTheEMail(java.lang.String)&amp#27;[0m
  &amp#27;[36mAnd &amp#27;[0m&amp#27;[36mI enter the password &amp#27;[0m&amp#27;[36m&amp#27;[1m""&amp#27;[0m                                                                      &amp#27;[90m# com.hiberus.cucumber.stepdefs.login.LoginPageSteps.iEnterThePassword(java.lang.String)&amp#27;[0m
  &amp#27;[36mAnd &amp#27;[0m&amp#27;[36mI click on login button&amp#27;[0m                                                                      &amp#27;[90m# com.hiberus.cucumber.stepdefs.login.LoginPageSteps.iClickOnLoginButton()&amp#27;[0m
  &amp#27;[36mThen &amp#27;[0m&amp#27;[36man error message will appear saying &amp#27;[0m&amp#27;[36m&amp#27;[1m"Warning: No match for E-Mail Address and/or Password."&amp#27;[0m &amp#27;[90m# com.hiberus.cucumber.stepdefs.login.LoginPageSteps.anErrorMessageWillAppearSaying(java.lang.String)&amp#27;[0m

    Embedding screenshot_1686554688342.png [image/png 23992 bytes]


@productsuite @smoke @addproduct
Scenario Outline: Add to Cart                                     &amp#27;[90m# src/test/features/productTestCase.feature:22&amp#27;[0m
  &amp#27;[32mGiven &amp#27;[0m&amp#27;[32mThe user is on the home page on product page&amp#27;[0m              &amp#27;[90m# com.hiberus.cucumber.stepdefs.product.ProductPageSteps.theUserIsOnTheHomePageOnRegisterPage()&amp#27;[0m
  &amp#27;[31mWhen &amp#27;[0m&amp#27;[31mI should be redirected to my account page on register page&amp#27;[0m &amp#27;[90m# com.hiberus.cucumber.stepdefs.product.ProductPageSteps.myAccountOnRegisterPage()&amp#27;[0m
      &amp#27;[31morg.openqa.selenium.NoSuchElementException: no such element: Unable to locate element: {"method":"xpath","selector":"//a[contains(@class, 'dropdown-toggle')]"}
  (Session info: chrome=114.0.5735.110)
For documentation on this error, please visit: https://www.seleniumhq.org/exceptions/no_such_element.html
Build info: version: '3.141.59', revision: 'e82be7d358', time: '2018-11-14T08:17:03'
System info: host: 'HL-010525', ip: '127.0.0.1', os.name: 'Windows 10', os.arch: 'amd64', os.version: '10.0', java.version: '1.8.0_202'
Driver info: org.openqa.selenium.chrome.ChromeDriver
Capabilities {acceptInsecureCerts: false, browserName: chrome, browserVersion: 114.0.5735.110, chrome: {chromedriverVersion: 114.0.5735.90 (386bc09e8f4f..., userDataDir: C:\Windows\SystemTemp\scope...}, goog:chromeOptions: {debuggerAddress: localhost:56497}, javascriptEnabled: true, networkConnectionEnabled: false, pageLoadStrategy: normal, platform: WINDOWS, platformName: WINDOWS, proxy: Proxy(), setWindowRect: true, strictFileInteractability: false, timeouts: {implicit: 0, pageLoad: 300000, script: 30000}, unhandledPromptBehavior: dismiss and notify, webauthn:extension:credBlob: true, webauthn:extension:largeBlob: true, webauthn:extension:minPinLength: true, webauthn:extension:prf: true, webauthn:virtualAuthenticators: true}
Session ID: 2287404602435dd9f08f9e986c764e6c
*** Element info: {Using=xpath, value=//a[contains(@class, 'dropdown-toggle')]}
	at sun.reflect.NativeConstructorAccessorImpl.newInstance0(Native Method)
	at sun.reflect.NativeConstructorAccessorImpl.newInstance(NativeConstructorAccessorImpl.java:62)
	at sun.reflect.DelegatingConstructorAccessorImpl.newInstance(DelegatingConstructorAccessorImpl.java:45)
	at java.lang.reflect.Constructor.newInstance(Constructor.java:423)
	at org.openqa.selenium.remote.http.W3CHttpResponseCodec.createException(W3CHttpResponseCodec.java:187)
	at org.openqa.selenium.remote.http.W3CHttpResponseCodec.decode(W3CHttpResponseCodec.java:122)
	at org.openqa.selenium.remote.http.W3CHttpResponseCodec.decode(W3CHttpResponseCodec.java:49)
	at org.openqa.selenium.remote.HttpCommandExecutor.execute(HttpCommandExecutor.java:158)
	at org.openqa.selenium.remote.service.DriverCommandExecutor.execute(DriverCommandExecutor.java:83)
	at org.openqa.selenium.remote.RemoteWebDriver.execute(RemoteWebDriver.java:552)
	at org.openqa.selenium.remote.RemoteWebDriver.findElement(RemoteWebDriver.java:323)
	at org.openqa.selenium.remote.RemoteWebDriver.findElementByXPath(RemoteWebDriver.java:428)
	at org.openqa.selenium.By$ByXPath.findElement(By.java:353)
	at org.openqa.selenium.remote.RemoteWebDriver.findElement(RemoteWebDriver.java:315)
	at org.openqa.selenium.support.pagefactory.DefaultElementLocator.findElement(DefaultElementLocator.java:69)
	at org.openqa.selenium.support.pagefactory.internal.LocatingElementHandler.invoke(LocatingElementHandler.java:38)
	at com.sun.proxy.$Proxy19.click(Unknown Source)
	at com.hiberus.cucumber.page.ProductPage.clickMyAccount(ProductPage.java:49)
	at com.hiberus.cucumber.stepdefs.product.ProductPageSteps.myAccountOnRegisterPage(ProductPageSteps.java:28)
	at âœ½.I should be redirected to my account page on register page(file:///C:/Users/gcanales/Documents/Hiberus%20QA/Ejercicios%20QA/finalProyect/finalProyect/src/test/features/productTestCase.feature:6)
&amp#27;[0m
  &amp#27;[36mAnd &amp#27;[0m&amp#27;[36mI go to login&amp#27;[0m                                               &amp#27;[90m# com.hiberus.cucumber.stepdefs.product.ProductPageSteps.goLogin()&amp#27;[0m
  &amp#27;[36mAnd &amp#27;[0m&amp#27;[36mI enter the email &amp#27;[0m&amp#27;[36m&amp#27;[1m"gabiqa1@email.com"&amp#27;[0m                       &amp#27;[90m# com.hiberus.cucumber.stepdefs.product.ProductPageSteps.iEnte]]></system-out>
    <system-err><![CDATA[[main] INFO com.hiberus.cucumber.support.Hooks - starting Add to Cart
[main] INFO io.github.bonigarcia.wdm.WebDriverManager - Using chromedriver 114.0.5735.90 (resolved driver for Chrome 114)
[main] INFO io.github.bonigarcia.wdm.WebDriverManager - Exporting webdriver.chrome.driver as C:\Users\gcanales\.cache\selenium\chromedriver\win32\114.0.5735.90\chromedriver.exe
Starting ChromeDriver 114.0.5735.90 (386bc09e8f4f2e025eddae123f36f6263096ae49-refs/branch-heads/5735@{#1052}) on port 48156
Only local connections are allowed.
Please see https://chromedriver.chromium.org/security-considerations for suggestions on keeping ChromeDriver safe.
ChromeDriver was started successfully.
jun 12, 2023 9:24:52 AM org.openqa.selenium.remote.ProtocolHandshake createSession
INFORMACIÓN: Detected dialect: W3C
[main] INFO com.hiberus.cucumber.stepdefs.product.ProductPageSteps - the user is on the home page
[main] ERROR com.hiberus.cucumber.page.AbstractPage - unknown error: net::ERR_INTERNET_DISCONNECTED
  (Session info: chrome=114.0.5735.110)
Build info: version: '3.141.59', revision: 'e82be7d358', time: '2018-11-14T08:17:03'
System info: host: 'HL-010525', ip: '127.0.0.1', os.name: 'Windows 10', os.arch: 'amd64', os.version: '10.0', java.version: '1.8.0_202'
Driver info: org.openqa.selenium.chrome.ChromeDriver
Capabilities {acceptInsecureCerts: false, browserName: chrome, browserVersion: 114.0.5735.110, chrome: {chromedriverVersion: 114.0.5735.90 (386bc09e8f4f..., userDataDir: C:\Windows\SystemTemp\scope...}, goog:chromeOptions: {debuggerAddress: localhost:56497}, javascriptEnabled: true, networkConnectionEnabled: false, pageLoadStrategy: normal, platform: WINDOWS, platformName: WINDOWS, proxy: Proxy(), setWindowRect: true, strictFileInteractability: false, timeouts: {implicit: 0, pageLoad: 300000, script: 30000}, unhandledPromptBehavior: dismiss and notify, webauthn:extension:credBlob: true, webauthn:extension:largeBlob: true, webauthn:extension:minPinLength: true, webauthn:extension:prf: true, webauthn:virtualAuthenticators: true}
Session ID: 2287404602435dd9f08f9e986c764e6c
[main] INFO com.hiberus.cucumber.page.ProductPage - Login in...
[main] INFO com.hiberus.cucumber.support.Hooks - ending Add to Cart
[main] INFO com.hiberus.cucumber.support.Hooks - Ending Add to Cart
]]></system-err>
  </testcase>
  <testcase name="Successful registration" classname="Register test suit #3" time="5.925">
    <error message="no such element: Unable to locate element: {&quot;method&quot;:&quot;xpath&quot;,&quot;selector&quot;:&quot;//a[contains(@class, &apos;dropdown-toggle&apos;)]&quot;}&#10;  (Session info: chrome=114.0.5735.110)&#10;For documentation on this error, please visit: https://www.seleniumhq.org/exceptions/no_such_element.html&#10;Build info: version: &apos;3.141.59&apos;, revision: &apos;e82be7d358&apos;, time: &apos;2018-11-14T08:17:03&apos;&#10;System info: host: &apos;HL-010525&apos;, ip: &apos;127.0.0.1&apos;, os.name: &apos;Windows 10&apos;, os.arch: &apos;amd64&apos;, os.version: &apos;10.0&apos;, java.version: &apos;1.8.0_202&apos;&#10;Driver info: org.openqa.selenium.chrome.ChromeDriver&#10;Capabilities {acceptInsecureCerts: false, browserName: chrome, browserVersion: 114.0.5735.110, chrome: {chromedriverVersion: 114.0.5735.90 (386bc09e8f4f..., userDataDir: C:\Windows\SystemTemp\scope...}, goog:chromeOptions: {debuggerAddress: localhost:56519}, javascriptEnabled: true, networkConnectionEnabled: false, pageLoadStrategy: normal, platform: WINDOWS, platformName: WINDOWS, proxy: Proxy(), setWindowRect: true, strictFileInteractability: false, timeouts: {implicit: 0, pageLoad: 300000, script: 30000}, unhandledPromptBehavior: dismiss and notify, webauthn:extension:credBlob: true, webauthn:extension:largeBlob: true, webauthn:extension:minPinLength: true, webauthn:extension:prf: true, webauthn:virtualAuthenticators: true}&#10;Session ID: f0ff46f88bc19114c0bb68c01bdf1fa7&#10;*** Element info: {Using=xpath, value=//a[contains(@class, &apos;dropdown-toggle&apos;)]}" type="org.openqa.selenium.NoSuchElementException">org.openqa.selenium.NoSuchElementException: 
no such element: Unable to locate element: {"method":"xpath","selector":"//a[contains(@class, 'dropdown-toggle')]"}
  (Session info: chrome=114.0.5735.110)
For documentation on this error, please visit: https://www.seleniumhq.org/exceptions/no_such_element.html
Build info: version: '3.141.59', revision: 'e82be7d358', time: '2018-11-14T08:17:03'
System info: host: 'HL-010525', ip: '127.0.0.1', os.name: 'Windows 10', os.arch: 'amd64', os.version: '10.0', java.version: '1.8.0_202'
Driver info: org.openqa.selenium.chrome.ChromeDriver
Capabilities {acceptInsecureCerts: false, browserName: chrome, browserVersion: 114.0.5735.110, chrome: {chromedriverVersion: 114.0.5735.90 (386bc09e8f4f..., userDataDir: C:\Windows\SystemTemp\scope...}, goog:chromeOptions: {debuggerAddress: localhost:56519}, javascriptEnabled: true, networkConnectionEnabled: false, pageLoadStrategy: normal, platform: WINDOWS, platformName: WINDOWS, proxy: Proxy(), setWindowRect: true, strictFileInteractability: false, timeouts: {implicit: 0, pageLoad: 300000, script: 30000}, unhandledPromptBehavior: dismiss and notify, webauthn:extension:credBlob: true, webauthn:extension:largeBlob: true, webauthn:extension:minPinLength: true, webauthn:extension:prf: true, webauthn:virtualAuthenticators: true}
Session ID: f0ff46f88bc19114c0bb68c01bdf1fa7
*** Element info: {Using=xpath, value=//a[contains(@class, 'dropdown-toggle')]}
</error>
    <system-err><![CDATA[[main] INFO com.hiberus.cucumber.support.Hooks - starting Successful registration
[main] INFO io.github.bonigarcia.wdm.WebDriverManager - Using chromedriver 114.0.5735.90 (resolved driver for Chrome 114)
[main] INFO io.github.bonigarcia.wdm.WebDriverManager - Exporting webdriver.chrome.driver as C:\Users\gcanales\.cache\selenium\chromedriver\win32\114.0.5735.90\chromedriver.exe
Starting ChromeDriver 114.0.5735.90 (386bc09e8f4f2e025eddae123f36f6263096ae49-refs/branch-heads/5735@{#1052}) on port 31950
Only local connections are allowed.
Please see https://chromedriver.chromium.org/security-considerations for suggestions on keeping ChromeDriver safe.
ChromeDriver was started successfully.
jun 12, 2023 9:24:58 AM org.openqa.selenium.remote.ProtocolHandshake createSession
INFORMACIÓN: Detected dialect: W3C
[main] INFO com.hiberus.cucumber.stepdefs.register.RegisterPageSteps - the user is on the home page
[main] ERROR com.hiberus.cucumber.page.AbstractPage - unknown error: net::ERR_INTERNET_DISCONNECTED
  (Session info: chrome=114.0.5735.110)
Build info: version: '3.141.59', revision: 'e82be7d358', time: '2018-11-14T08:17:03'
System info: host: 'HL-010525', ip: '127.0.0.1', os.name: 'Windows 10', os.arch: 'amd64', os.version: '10.0', java.version: '1.8.0_202'
Driver info: org.openqa.selenium.chrome.ChromeDriver
Capabilities {acceptInsecureCerts: false, browserName: chrome, browserVersion: 114.0.5735.110, chrome: {chromedriverVersion: 114.0.5735.90 (386bc09e8f4f..., userDataDir: C:\Windows\SystemTemp\scope...}, goog:chromeOptions: {debuggerAddress: localhost:56519}, javascriptEnabled: true, networkConnectionEnabled: false, pageLoadStrategy: normal, platform: WINDOWS, platformName: WINDOWS, proxy: Proxy(), setWindowRect: true, strictFileInteractability: false, timeouts: {implicit: 0, pageLoad: 300000, script: 30000}, unhandledPromptBehavior: dismiss and notify, webauthn:extension:credBlob: true, webauthn:extension:largeBlob: true, webauthn:extension:minPinLength: true, webauthn:extension:prf: true, webauthn:virtualAuthenticators: true}
Session ID: f0ff46f88bc19114c0bb68c01bdf1fa7
[main] INFO com.hiberus.cucumber.page.RegisterPage - Login in...
[main] INFO com.hiberus.cucumber.support.Hooks - ending Successful registration
[main] INFO com.hiberus.cucumber.support.Hooks - Ending Successful registration
]]></system-err>
  </testcase>
  <testcase name="Failed registration #1" classname="Register test suit #3" time="7.158">
    <error message="no such element: Unable to locate element: {&quot;method&quot;:&quot;xpath&quot;,&quot;selector&quot;:&quot;//a[contains(@class, &apos;dropdown-toggle&apos;)]&quot;}&#10;  (Session info: chrome=114.0.5735.110)&#10;For documentation on this error, please visit: https://www.seleniumhq.org/exceptions/no_such_element.html&#10;Build info: version: &apos;3.141.59&apos;, revision: &apos;e82be7d358&apos;, time: &apos;2018-11-14T08:17:03&apos;&#10;System info: host: &apos;HL-010525&apos;, ip: &apos;127.0.0.1&apos;, os.name: &apos;Windows 10&apos;, os.arch: &apos;amd64&apos;, os.version: &apos;10.0&apos;, java.version: &apos;1.8.0_202&apos;&#10;Driver info: org.openqa.selenium.chrome.ChromeDriver&#10;Capabilities {acceptInsecureCerts: false, browserName: chrome, browserVersion: 114.0.5735.110, chrome: {chromedriverVersion: 114.0.5735.90 (386bc09e8f4f..., userDataDir: C:\Windows\SystemTemp\scope...}, goog:chromeOptions: {debuggerAddress: localhost:56537}, javascriptEnabled: true, networkConnectionEnabled: false, pageLoadStrategy: normal, platform: WINDOWS, platformName: WINDOWS, proxy: Proxy(), setWindowRect: true, strictFileInteractability: false, timeouts: {implicit: 0, pageLoad: 300000, script: 30000}, unhandledPromptBehavior: dismiss and notify, webauthn:extension:credBlob: true, webauthn:extension:largeBlob: true, webauthn:extension:minPinLength: true, webauthn:extension:prf: true, webauthn:virtualAuthenticators: true}&#10;Session ID: 5bcdf70e86d04d61254a9d9422c93c63&#10;*** Element info: {Using=xpath, value=//a[contains(@class, &apos;dropdown-toggle&apos;)]}" type="org.openqa.selenium.NoSuchElementException">org.openqa.selenium.NoSuchElementException: 
no such element: Unable to locate element: {"method":"xpath","selector":"//a[contains(@class, 'dropdown-toggle')]"}
  (Session info: chrome=114.0.5735.110)
For documentation on this error, please visit: https://www.seleniumhq.org/exceptions/no_such_element.html
Build info: version: '3.141.59', revision: 'e82be7d358', time: '2018-11-14T08:17:03'
System info: host: 'HL-010525', ip: '127.0.0.1', os.name: 'Windows 10', os.arch: 'amd64', os.version: '10.0', java.version: '1.8.0_202'
Driver info: org.openqa.selenium.chrome.ChromeDriver
Capabilities {acceptInsecureCerts: false, browserName: chrome, browserVersion: 114.0.5735.110, chrome: {chromedriverVersion: 114.0.5735.90 (386bc09e8f4f..., userDataDir: C:\Windows\SystemTemp\scope...}, goog:chromeOptions: {debuggerAddress: localhost:56537}, javascriptEnabled: true, networkConnectionEnabled: false, pageLoadStrategy: normal, platform: WINDOWS, platformName: WINDOWS, proxy: Proxy(), setWindowRect: true, strictFileInteractability: false, timeouts: {implicit: 0, pageLoad: 300000, script: 30000}, unhandledPromptBehavior: dismiss and notify, webauthn:extension:credBlob: true, webauthn:extension:largeBlob: true, webauthn:extension:minPinLength: true, webauthn:extension:prf: true, webauthn:virtualAuthenticators: true}
Session ID: 5bcdf70e86d04d61254a9d9422c93c63
*** Element info: {Using=xpath, value=//a[contains(@class, 'dropdown-toggle')]}
</error>
    <system-out><![CDATA[rTheEMail(java.lang.String)&amp#27;[0m
  &amp#27;[36mAnd &amp#27;[0m&amp#27;[36mI enter the password on product page &amp#27;[0m&amp#27;[36m&amp#27;[1m"password"&amp#27;[0m             &amp#27;[90m# com.hiberus.cucumber.stepdefs.product.ProductPageSteps.iEnterThePassword(java.lang.String)&amp#27;[0m
  &amp#27;[36mAnd &amp#27;[0m&amp#27;[36mI click on the login button on product page&amp#27;[0m                 &amp#27;[90m# com.hiberus.cucumber.stepdefs.product.ProductPageSteps.iClickOnLoginButtonOnProductPage()&amp#27;[0m
  &amp#27;[36mAnd &amp#27;[0m&amp#27;[36mI go to home page&amp#27;[0m                                           &amp#27;[90m# com.hiberus.cucumber.stepdefs.product.ProductPageSteps.iGoToHomePage()&amp#27;[0m
  &amp#27;[36mGiven &amp#27;[0m&amp#27;[36mI am on the form screen on register page&amp#27;[0m                  &amp#27;[90m# com.hiberus.cucumber.stepdefs.product.ProductPageSteps.iAmFormScreenOnRegisterPage()&amp#27;[0m
  &amp#27;[36mWhen &amp#27;[0m&amp#27;[36mI click on Add to cart for the first product that appears&amp#27;[0m  &amp#27;[90m# com.hiberus.cucumber.stepdefs.product.ProductPageSteps.iClickOnForTheFirstProductThatAppears()&amp#27;[0m
  &amp#27;[36mAnd &amp#27;[0m&amp#27;[36mI click to Shopping Cart&amp#27;[0m                                    &amp#27;[90m# com.hiberus.cucumber.stepdefs.product.ProductPageSteps.iClickToShoppingCart()&amp#27;[0m
  &amp#27;[36mThen &amp#27;[0m&amp#27;[36mI verify that the cart count is &amp#27;[0m&amp#27;[36m&amp#27;[1m"1"&amp#27;[0m                        &amp#27;[90m# com.hiberus.cucumber.stepdefs.product.ProductPageSteps.iVerifyThatTheCartCountIs(java.lang.String)&amp#27;[0m

[...]
	at io.cucumber.core.runner.TestStep.run(TestStep.java:57)
	at io.cucumber.core.runner.TestCase.run(TestCase.java:90)
	at io.cucumber.core.runner.Runner.runPickle(Runner.java:75)
	at io.cucumber.junit.PickleRunners$NoStepDescriptions.lambda$run$0(PickleRunners.java:151)
	at io.cucumber.core.runtime.CucumberExecutionContext.lambda$runTestCase$5(CucumberExecutionContext.java:129)
	at io.cucumber.core.runtime.RethrowingThrowableCollector.executeAndThrow(RethrowingThrowableCollector.java:23)
	at io.cucumber.core.runtime.CucumberExecutionContext.runTestCase(CucumberExecutionContext.java:129)
	at io.cucumber.junit.PickleRunners$NoStepDescriptions.run(PickleRunners.java:148)
	at io.cucumber.junit.FeatureRunner.runChild(FeatureRunner.java:144)
	at io.cucumber.junit.FeatureRunner.runChild(FeatureRunner.java:28)
	at org.junit.runners.ParentRunner$4.run(ParentRunner.java:331)
	at org.junit.runners.ParentRunner$1.schedule(ParentRunner.java:79)
	at org.junit.runners.ParentRunner.runChildren(ParentRunner.java:329)
	at org.junit.runners.ParentRunner.access$100(ParentRunner.java:66)
	at org.junit.runners.ParentRunner$2.evaluate(ParentRunner.java:293)
	at org.junit.runners.ParentRunner$3.evaluate(ParentRunner.java:306)
	at org.junit.runners.ParentRunner.run(ParentRunner.java:413)
	at io.cucumber.junit.FeatureRunner.run(FeatureRunner.java:137)
	at io.cucumber.junit.Cucumber.runChild(Cucumber.java:196)
	at io.cucumber.junit.Cucumber.runChild(Cucumber.java:89)
	at org.junit.runners.ParentRunner$4.run(ParentRunner.java:331)
	at org.junit.runners.ParentRunner$1.schedule(ParentRunner.java:79)
	at org.junit.runners.ParentRunner.runChildren(ParentRunner.java:329)
	at org.junit.runners.ParentRunner.access$100(ParentRunner.java:66)
	at org.junit.runners.ParentRunner$2.evaluate(ParentRunner.java:293)
	at io.cucumber.junit.Cucumber$RunBeforeAllHooks.evaluate(Cucumber.java:266)
	at io.cucumber.junit.Cucumber$RunAfterAllHooks.evaluate(Cu]]></system-out>
    <system-err><![CDATA[[main] INFO com.hiberus.cucumber.support.Hooks - starting Failed registration
[main] INFO io.github.bonigarcia.wdm.WebDriverManager - Using chromedriver 114.0.5735.90 (resolved driver for Chrome 114)
[main] INFO io.github.bonigarcia.wdm.WebDriverManager - Exporting webdriver.chrome.driver as C:\Users\gcanales\.cache\selenium\chromedriver\win32\114.0.5735.90\chromedriver.exe
Starting ChromeDriver 114.0.5735.90 (386bc09e8f4f2e025eddae123f36f6263096ae49-refs/branch-heads/5735@{#1052}) on port 11948
Only local connections are allowed.
Please see https://chromedriver.chromium.org/security-considerations for suggestions on keeping ChromeDriver safe.
ChromeDriver was started successfully.
jun 12, 2023 9:26:52 AM org.openqa.selenium.remote.ProtocolHandshake createSession
INFORMACIÓN: Detected dialect: W3C
[main] INFO com.hiberus.cucumber.stepdefs.register.RegisterPageSteps - the user is on the home page
[1686554828.037][WARNING]: Processing messages while being disconnected
[main] ERROR com.hiberus.cucumber.page.AbstractPage - java.net.ConnectException: Failed to connect to localhost/0:0:0:0:0:0:0:1:11948
Build info: version: '3.141.59', revision: 'e82be7d358', time: '2018-11-14T08:17:03'
System info: host: 'HL-010525', ip: '127.0.0.1', os.name: 'Windows 10', os.arch: 'amd64', os.version: '10.0', java.version: '1.8.0_202'
Driver info: driver.version: RemoteWebDriver
[main] INFO com.hiberus.cucumber.page.RegisterPage - Login in...
[main] INFO com.hiberus.cucumber.support.Hooks - ending Failed registration
]]></system-err>
  </testcase>
  <testcase name="Failed registration #4" classname="Register test suit #3" time="41.739">
    <error message="java.net.ConnectException: Failed to connect to localhost/0:0:0:0:0:0:0:1:11948&#10;Build info: version: &apos;3.141.59&apos;, revision: &apos;e82be7d358&apos;, time: &apos;2018-11-14T08:17:03&apos;&#10;System info: host: &apos;HL-010525&apos;, ip: &apos;127.0.0.1&apos;, os.name: &apos;Windows 10&apos;, os.arch: &apos;amd64&apos;, os.version: &apos;10.0&apos;, java.version: &apos;1.8.0_202&apos;&#10;Driver info: driver.version: RemoteWebDriver" type="org.openqa.selenium.WebDriverException">org.openqa.selenium.WebDriverException: 
java.net.ConnectException: Failed to connect to localhost/0:0:0:0:0:0:0:1:11948
Build info: version: '3.141.59', revision: 'e82be7d358', time: '2018-11-14T08:17:03'
System info: host: 'HL-010525', ip: '127.0.0.1', os.name: 'Windows 10', os.arch: 'amd64', os.version: '10.0', java.version: '1.8.0_202'
Driver info: driver.version: RemoteWebDriver
Caused by: java.net.ConnectException: Failed to connect to localhost/0:0:0:0:0:0:0:1:11948
Caused by: java.net.ConnectException: Connection refused: connect
</error>
  </testcase>
  <testcase name="Failed registration #5" classname="Register test suit #3" time="20.109"/>
  <testcase name="Failed registration #6" classname="Register test suit #3" time="23.56"/>
  <testcase name="Failed registration #7" classname="Register test suit #3" time="21.411"/>
  <testcase name="Failed registration #8" classname="Register test suit #3" time="26.404"/>
  <testcase name="Failed registration #9" classname="Register test suit #3" time="22.013">
    <error message="no such element: Unable to locate element: {&quot;method&quot;:&quot;xpath&quot;,&quot;selector&quot;:&quot;//div[@class=&apos;col-sm-10&apos;]//input[@name=&apos;password&apos;]/following-sibling::div[@class=&apos;text-danger&apos;]&quot;}&#10;  (Session info: chrome=114.0.5735.110)&#10;For documentation on this error, please visit: https://www.seleniumhq.org/exceptions/no_such_element.html&#10;Build info: version: &apos;3.141.59&apos;, revision: &apos;e82be7d358&apos;, time: &apos;2018-11-14T08:17:03&apos;&#10;System info: host: &apos;HL-010525&apos;, ip: &apos;127.0.0.1&apos;, os.name: &apos;Windows 10&apos;, os.arch: &apos;amd64&apos;, os.version: &apos;10.0&apos;, java.version: &apos;1.8.0_202&apos;&#10;Driver info: org.openqa.selenium.chrome.ChromeDriver&#10;Capabilities {acceptInsecureCerts: false, browserName: chrome, browserVersion: 114.0.5735.110, chrome: {chromedriverVersion: 114.0.5735.90 (386bc09e8f4f..., userDataDir: C:\Windows\SystemTemp\scope...}, goog:chromeOptions: {debuggerAddress: localhost:58098}, javascriptEnabled: true, networkConnectionEnabled: false, pageLoadStrategy: normal, platform: WINDOWS, platformName: WINDOWS, proxy: Proxy(), setWindowRect: true, strictFileInteractability: false, timeouts: {implicit: 0, pageLoad: 300000, script: 30000}, unhandledPromptBehavior: dismiss and notify, webauthn:extension:credBlob: true, webauthn:extension:largeBlob: true, webauthn:extension:minPinLength: true, webauthn:extension:prf: true, webauthn:virtualAuthenticators: true}&#10;Session ID: a7628ddcc6338f7930cb478b73e00e61&#10;*** Element info: {Using=xpath, value=//div[@class=&apos;col-sm-10&apos;]//input[@name=&apos;password&apos;]/following-sibling::div[@class=&apos;text-danger&apos;]}" type="org.openqa.selenium.NoSuchElementException">org.openqa.selenium.NoSuchElementException: 
no such element: Unable to locate element: {"method":"xpath","selector":"//div[@class='col-sm-10']//input[@name='password']/following-sibling::div[@class='text-danger']"}
  (Session info: chrome=114.0.5735.110)
For documentation on this error, please visit: https://www.seleniumhq.org/exceptions/no_such_element.html
Build info: version: '3.141.59', revision: 'e82be7d358', time: '2018-11-14T08:17:03'
System info: host: 'HL-010525', ip: '127.0.0.1', os.name: 'Windows 10', os.arch: 'amd64', os.version: '10.0', java.version: '1.8.0_202'
Driver info: org.openqa.selenium.chrome.ChromeDriver
Capabilities {acceptInsecureCerts: false, browserName: chrome, browserVersion: 114.0.5735.110, chrome: {chromedriverVersion: 114.0.5735.90 (386bc09e8f4f..., userDataDir: C:\Windows\SystemTemp\scope...}, goog:chromeOptions: {debuggerAddress: localhost:58098}, javascriptEnabled: true, networkConnectionEnabled: false, pageLoadStrategy: normal, platform: WINDOWS, platformName: WINDOWS, proxy: Proxy(), setWindowRect: true, strictFileInteractability: false, timeouts: {implicit: 0, pageLoad: 300000, script: 30000}, unhandledPromptBehavior: dismiss and notify, webauthn:extension:credBlob: true, webauthn:extension:largeBlob: true, webauthn:extension:minPinLength: true, webauthn:extension:prf: true, webauthn:virtualAuthenticators: true}
Session ID: a7628ddcc6338f7930cb478b73e00e61
*** Element info: {Using=xpath, value=//div[@class='col-sm-10']//input[@name='password']/following-sibling::div[@class='text-danger']}
</error>
    <system-out><![CDATA[ario Outline: Failed registration                                                                                 &amp#27;[90m# src/test/features/registerTestCase.feature:46&amp#27;[0m
  &amp#27;[32mGiven &amp#27;[0m&amp#27;[32mthe user is on the registration confirmation page&amp#27;[0m                                                             &amp#27;[90m# com.hiberus.cucumber.stepdefs.register.RegisterPageSteps.theUserIsOnTheRegistrationConfirmationPage()&amp#27;[0m
  &amp#27;[32mWhen &amp#27;[0m&amp#27;[32mI click on the My Account button on the registration page&amp#27;[0m                                                      &amp#27;[90m# com.hiberus.cucumber.stepdefs.register.RegisterPageSteps.clickOnMyAccountButtonOnRegistrationPage()&amp#27;[0m
  &amp#27;[32mAnd &amp#27;[0m&amp#27;[32mI click on register&amp#27;[0m                                                                                             &amp#27;[90m# com.hiberus.cucumber.stepdefs.register.RegisterPageSteps.register()&amp#27;[0m
  &amp#27;[32mGiven &amp#27;[0m&amp#27;[32mI will be taken to the form screen&amp#27;[0m                                                                            &amp#27;[90m# com.hiberus.cucumber.stepdefs.register.RegisterPageSteps.iWillBeTakenToTheFormScreen()&amp#27;[0m
  &amp#27;[32mAnd &amp#27;[0m&amp#27;[32mI will be enter First Name &amp#27;[0m&amp#27;[32m&amp#27;[1m"Gabi"&amp#27;[0m                                                                               &amp#27;[90m# com.hiberus.cucumber.stepdefs.register.RegisterPageSteps.enterFirstName(java.lang.String)&amp#27;[0m
  &amp#27;[32mAnd &amp#27;[0m&amp#27;[32mI will be enter Last Name &amp#27;[0m&amp#27;[32m&amp#27;[1m"QA"&amp#27;[0m                                                                                  &amp#27;[90m# com.hiberus.cucumber.stepdefs.register.RegisterPageSteps.enterLastName(java.lang.String)&amp#27;[0m
  &amp#27;[32mAnd &amp#27;[0m&amp#27;[32mI will be enter E-mail &amp#27;[0m&amp#27;[32m&amp#27;[1m"a@a.com"&amp#27;[0m                                                                                &amp#27;[90m# com.hiberus.cucumber.stepdefs.register.RegisterPageSteps.iWillBeEnterEMail(java.lang.String)&amp#27;[0m
  &amp#27;[32mAnd &amp#27;[0m&amp#27;[32mI will be enter Telephone &amp#27;[0m&amp#27;[32m&amp#27;[1m"794746707034785323393255041553907"&amp#27;[0m                                                   &amp#27;[90m# com.hiberus.cucumber.stepdefs.register.RegisterPageSteps.enterTelephone(java.lang.String)&amp#27;[0m
  &amp#27;[32mAnd &amp#27;[0m&amp#27;[32mI will be enter Password &amp#27;[0m&amp#27;[32m&amp#27;[1m"password"&amp#27;[0m                                                                             &amp#27;[90m# com.hiberus.cucumber.stepdefs.register.RegisterPageSteps.enterPassword(java.lang.String)&amp#27;[0m
  &amp#27;[32mAnd &amp#27;[0m&amp#27;[32mI will be enter Password Confirm &amp#27;[0m&amp#27;[32m&amp#27;[1m"password"&amp#27;[0m                                                                     &amp#27;[90m# com.hiberus.cucumber.stepdefs.register.RegisterPageSteps.enterPasswordConfirm(java.lang.String)&amp#27;[0m
  &amp#27;[32mAnd &amp#27;[0m&amp#27;[32mI accept the terms and click continue&amp#27;[0m                                                                           &amp#27;[90m# com.hiberus.cucumber.stepdefs.register.RegisterPageSteps.acceptCheckPrivacyPolicy()&amp#27;[0m
  &amp#27;[32mThen &amp#27;[0m&amp#27;[32mThe &amp#27;[0m&amp#27;[32m&amp#27;[1m"telephone"&amp#27;[0m&amp#27;[32m error message &amp#27;[0m&amp#27;[32m&amp#27;[1m"Telephone must be between 3 and 32 characters!"&amp#27;[0m&amp#27;[32m should appear on the form field&amp#27;[0m &amp#27;[90m# com.hiberus.cucumber.stepdefs.register.RegisterPageSteps.errorMessagesWrongInput(java.lang.String,java.lang.String)&amp#27;[0m

@registersuite @smoke @registerko
Scenario Outline: Failed registration                                                                               &amp#27;[90m# src/test/features/registerTestCase.feature:47&amp#27;[0m
  &amp#27;[32mGiven &amp#27;[0m&amp#27;[32mthe user is on the registration confirmation page&amp#27;[0m                                                           &amp#27;[90m# com.hiberus.cucumber.stepdefs.register.RegisterPageSteps.theUserIsOnTheRegistrationConfirmationPage()&amp#27;[0m
  &amp#27;[32mWhen &amp#27;[0m&amp#27;[32mI click on the My Account button on the registration page&amp#27;[0m                                                    &amp#27;[90m# com.hiberus.cucumber.stepdefs.register.RegisterPageSteps.clickOnMyAccountButtonOnRegistrationPage()&amp#27;[0m
  &amp#27;[32mAnd &amp#27;[0m&amp#27;[32mI click on register&amp#27;[0m                                                                                           &amp#27;[90m# com.hiberus.cucumber.stepdefs.register.RegisterPageSteps.register()&amp#27;[0m
  &amp#27;[32mGiven &amp#27;[0m&amp#27;[32mI will be taken to the form screen&amp#27;[0m                                                                          &amp#27;[90m# com.hiberus.cucumber.stepdefs.register.RegisterPageSteps.iWillBeTakenToTheFormScreen()&amp#27;[0m
  &amp#27;[32mAnd &amp#27;[0m&amp#27;[32mI will be enter First Name &amp#27;[0m&amp#27;[32m&amp#27;[1m"Gabi"&amp#27;[0m                                                                             &amp#27;[90m# com.hiberus.cucumber.stepdefs.register.RegisterPageSteps.enterFirstName(java.lang.String)&amp#27;[0m
  &amp#27;[32mAnd &amp#27;[0m&amp#27;[32mI will be enter Last Name &amp#27;[0m&amp#27;[32m&amp#27;[1m"QA"&amp#27;[0m                                                                                &amp#27;[90m# com.hiberus.cucumber.stepdefs.register.RegisterPageSteps.enterLastName(java.lang.String)&amp#27;[0m
  &amp#27;[32mAnd &amp#27;[0m&amp#27;[32mI will be enter E-mail &amp#27;[0m&amp#27;[32m&amp#27;[1m"a@a.com"&amp#27;[0m                                                                              &amp#27;[90m# com.hiberus.cucumber.stepdefs.register.RegisterPageSteps.iWillBeEnterEMail(java.lang.String)&amp#27;[0m
  &amp#27;[32mAnd &amp#27;[0m&amp#27;[32mI will be enter Telephone &amp#27;[0m&amp#27;[32m&amp#27;[1m"123456"&amp#27;[0m                                                                            &amp#27;[90m# com.hiberus.cucumber.stepdefs.register.RegisterPageSteps.enterTelephone(java.lang.String)&amp#27;[0m
  &amp#27;[32mAnd &amp#27;[0m&amp#27;[32mI will be enter Password &amp#27;[0m&amp#27;[32m&amp#27;[1m""&amp#27;[0m                                                                                   &amp#27;[90m# com.hiberus.cucumber.stepdefs.register.RegisterPageSteps.enterPassword(java.lang.String)&amp#27;[0m
  &amp#27;[32mAnd &amp#27;[0m&amp#27;[32mI will be enter Password Confirm &amp#27;[0m&amp#27;[32m&amp#27;[1m"password"&amp#27;[0m                                                                   &amp#27;[90m# com.hiberus.cucumber.stepdefs.register.RegisterPageSteps.enterPasswordConfirm(java.lang.String)&amp#27;[0m
  &amp#27;[32mAnd &amp#27;[0m&amp#27;[32mI accept the terms and click continue&amp#27;[0m                                                                         &amp#27;[90m# com.hiberus.cucumber.stepdefs.register.RegisterPageSteps.acceptCheckPrivacyPolicy()&amp#27;[0m
  &amp#27;[32mThen &amp#27;[0m&amp#27;[32mThe &amp#27;[0m&amp#27;[32m&amp#27;[1m"password"&amp#27;[0m&amp#27;[32m error message &amp#27;[0m&amp#27;[32m&amp#27;[1m"Password must be between 4 and 20 characters!"&amp#27;[0m&amp#27;[32m should appear on the form field&amp#27;[0m &amp#27;[90m# com.hiberus.cucumber.stepdefs.register.RegisterPageSteps.errorMessagesWrongInput(java.lang.String,java.lang.String)&amp#27;[0m

@registersuite @smoke @registerko
Scenario Outline: Failed registration                                                                               &amp#27;[90m# src/test/features/registerTestCase.feature:48&amp#27;[0m
  &amp#27;[32mGiven &amp#27;[0m&amp#27;[32mthe user is on the registration confirmation page&amp#27;[0m                                                           &amp#27;[90m# com.hiberus.cucumber.stepdefs.register.RegisterPageSteps.theUserIsOnTheRegistrationConfirmationPage()&amp#27;[0m
  &amp#27;[32mWhen &amp#27;[0m&amp#27;[32mI click on the My Account button on the registration page&amp#27;[0m                                                    &amp#27;[90m# com.hiberus.cucumber.stepdefs.register.RegisterPageSteps.clickOnMyAccountButtonOnRegistrationPage()&amp#27;[0m
  &amp#27;[32mAnd &amp#27;[0m&amp#27;[32mI click on register&amp#27;[0m                                                                                           &amp#27;[90m# com.hiberus.cucumber.stepdefs.register.RegisterPageSteps.register()&amp#27;[0m
  &amp#27;[32mGiven &amp#27;[0m&amp#27;[32mI will be taken to the form screen&amp#27;[0m                                                                          &amp#27;[90m# com.hiberus.cucumber.stepdefs.register.RegisterPageSteps.iWillBeTakenToTheFormScreen()&amp#27;[0m
  &amp#27;[32mAnd &amp#27;[0m&amp#27;[32mI will be enter First Name &amp#27;[0m&amp#27;[32m&amp#27;[1m"Gabi"&amp#27;[0m                                                                             &amp#27;[90m# com.hiberus.cucumber.stepdefs.register.RegisterPageSteps.enterFirstName(java.lang.String)&amp#27;[0m
  &amp#27;[32mAnd &amp#27;[0m&amp#27;[32mI will be enter Last Name &amp#27;[0m&amp#27;[32m&amp#27;[1m"QA"&amp#27;[0m                                                                                &amp#27;[90m# com.hiberus.cucumber.stepdefs.register.RegisterPageSteps.enterLastName(java.lang.String)&amp#27;[0m
  &amp#27;[32mAnd &amp#27;[0m&amp#27;[32mI will be enter E-mail &amp#27;[0m&amp#27;[32m&amp#27;[1m"a@a.com"&amp#27;[0m                                                                              &amp#27;[90m# com.hiberus.cucumber.stepdefs.register.RegisterPageSteps.iWillBbuton
]]></system-out>
    <system-err><![CDATA[[main] INFO com.hiberus.cucumber.support.Hooks - starting Failed registration
[main] INFO io.github.bonigarcia.wdm.WebDriverManager - Using chromedriver 114.0.5735.90 (resolved driver for Chrome 114)
[main] INFO io.github.bonigarcia.wdm.WebDriverManager - Exporting webdriver.chrome.driver as C:\Users\gcanales\.cache\selenium\chromedriver\win32\114.0.5735.90\chromedriver.exe
Starting ChromeDriver 114.0.5735.90 (386bc09e8f4f2e025eddae123f36f6263096ae49-refs/branch-heads/5735@{#1052}) on port 9031
Only local connections are allowed.
Please see https://chromedriver.chromium.org/security-considerations for suggestions on keeping ChromeDriver safe.
ChromeDriver was started successfully.
jun 12, 2023 9:29:01 AM org.openqa.selenium.remote.ProtocolHandshake createSession
INFORMACIÓN: Detected dialect: W3C
[main] INFO com.hiberus.cucumber.stepdefs.register.RegisterPageSteps - the user is on the home page
[main] INFO com.hiberus.cucumber.page.RegisterPage - Login in...
[main] INFO com.hiberus.cucumber.page.RegisterPage - Login in...
[main] INFO com.hiberus.cucumber.page.RegisterPage - continueButton
[main] INFO com.hiberus.cucumber.support.Hooks - ending Failed registration
[main] INFO com.hiberus.cucumber.support.Hooks - Ending Failed registration
]]></system-err>
  </testcase>
  <testcase name="Failed registration #10" classname="Register test suit #3" time="36.573"/>
</testsuite>